<?xml version="1.0" encoding="utf-8"?>
<TestRun id="81016da7-24f7-4dee-9da6-577f57ffcd3c" name="@2f6616d6d9b1 2025-11-28 09:01:36" xmlns="http://microsoft.com/schemas/VisualStudio/TeamTest/2010">
  <Times creation="2025-11-28T09:01:36.7614429+00:00" queuing="2025-11-28T09:01:36.7614431+00:00" start="2025-11-28T09:01:35.6787086+00:00" finish="2025-11-28T09:01:36.8557208+00:00" />
  <TestSettings name="default" id="0bfff1e5-c88b-4c25-a0b0-144e85945e69">
    <Deployment runDeploymentRoot="_2f6616d6d9b1_2025-11-28_09_01_36" />
  </TestSettings>
  <Results>
    <UnitTestResult executionId="c72db432-7c6e-4faf-ab74-7f4cab5e0c7c" testId="3a5642bc-b887-4087-8584-3e9407915325" testName="RadioactivityMonitor.Tests.AlarmTests.Check_CalledMultipleTimes_CallsSensorEachTime" computerName="2f6616d6d9b1" duration="00:00:00.0002059" startTime="2025-11-28T09:01:36.7266266+00:00" endTime="2025-11-28T09:01:36.7267397+00:00" testType="13cdc9d9-ddb5-4fa4-a97d-d965ccfc6d4b" outcome="Passed" testListId="8c84fa94-04c1-424b-9868-57a2d4851a1d" relativeResultsDirectory="c72db432-7c6e-4faf-ab74-7f4cab5e0c7c" />
    <UnitTestResult executionId="df04d7d1-517a-44d4-89b1-8e36f2852a73" testId="c68ebd73-1073-6b46-74f7-8cde09333c6c" testName="RadioactivityMonitor.Tests.AlarmTests.Check_WhenValueBelowLowThreshold_AlarmTurnsOn" computerName="2f6616d6d9b1" duration="00:00:00.0001320" startTime="2025-11-28T09:01:36.7112433+00:00" endTime="2025-11-28T09:01:36.7113769+00:00" testType="13cdc9d9-ddb5-4fa4-a97d-d965ccfc6d4b" outcome="Passed" testListId="8c84fa94-04c1-424b-9868-57a2d4851a1d" relativeResultsDirectory="df04d7d1-517a-44d4-89b1-8e36f2852a73" />
    <UnitTestResult executionId="7f4b8a0a-9288-466c-8e73-14538e84ffb3" testId="e39f3cc1-8020-c39b-50db-c82fb8fa4455" testName="RadioactivityMonitor.Tests.AlarmTests.Constructor_WithNullSensor_ThrowsArgumentNullException" computerName="2f6616d6d9b1" duration="00:00:00.0006690" startTime="2025-11-28T09:01:36.7232488+00:00" endTime="2025-11-28T09:01:36.7233623+00:00" testType="13cdc9d9-ddb5-4fa4-a97d-d965ccfc6d4b" outcome="Passed" testListId="8c84fa94-04c1-424b-9868-57a2d4851a1d" relativeResultsDirectory="7f4b8a0a-9288-466c-8e73-14538e84ffb3" />
    <UnitTestResult executionId="e7ac189f-ca34-41ce-ab1f-cfec16e99462" testId="e8485be3-98c8-0338-40e1-5edd2cae845b" testName="RadioactivityMonitor.Tests.AlarmTests.Check_WhenValueAboveHighThreshold_AlarmTurnsOn_MultipleValues(value: 30)" computerName="2f6616d6d9b1" duration="00:00:00.0000082" startTime="2025-11-28T09:01:36.6499805+00:00" endTime="2025-11-28T09:01:36.6501971+00:00" testType="13cdc9d9-ddb5-4fa4-a97d-d965ccfc6d4b" outcome="Passed" testListId="8c84fa94-04c1-424b-9868-57a2d4851a1d" relativeResultsDirectory="e7ac189f-ca34-41ce-ab1f-cfec16e99462" />
    <UnitTestResult executionId="84cb5f32-8fe7-4a6a-af3b-bc971dec3852" testId="608a8b53-929e-d007-7d4f-997076834a2a" testName="RadioactivityMonitor.Tests.AlarmTests.Check_WithExtremeValues_HandlesCorrectly(value: 1.7976931348623157E+308)" computerName="2f6616d6d9b1" duration="00:00:00.0001336" startTime="2025-11-28T09:01:36.7211380+00:00" endTime="2025-11-28T09:01:36.7212728+00:00" testType="13cdc9d9-ddb5-4fa4-a97d-d965ccfc6d4b" outcome="Passed" testListId="8c84fa94-04c1-424b-9868-57a2d4851a1d" relativeResultsDirectory="84cb5f32-8fe7-4a6a-af3b-bc971dec3852" />
    <UnitTestResult executionId="a4383582-bfb0-41a7-abdc-129e99fb3ad0" testId="36bcfc5b-69ec-91fe-42ea-0a76fe9e4cd1" testName="RadioactivityMonitor.Tests.AlarmTests.Check_WithSequenceOfValues_CorrectlyTracksAlarmCount" computerName="2f6616d6d9b1" duration="00:00:00.0021421" startTime="2025-11-28T09:01:36.7262434+00:00" endTime="2025-11-28T09:01:36.7263565+00:00" testType="13cdc9d9-ddb5-4fa4-a97d-d965ccfc6d4b" outcome="Passed" testListId="8c84fa94-04c1-424b-9868-57a2d4851a1d" relativeResultsDirectory="a4383582-bfb0-41a7-abdc-129e99fb3ad0" />
    <UnitTestResult executionId="8d086481-5565-4b8c-b1c1-7e161d5e774f" testId="0edbde3c-718e-c261-cc1f-3cf96036bb59" testName="RadioactivityMonitor.Tests.AlarmTests.Check_WithNegativeValue_TriggersAlarm" computerName="2f6616d6d9b1" duration="00:00:00.0001580" startTime="2025-11-28T09:01:36.7244902+00:00" endTime="2025-11-28T09:01:36.7246002+00:00" testType="13cdc9d9-ddb5-4fa4-a97d-d965ccfc6d4b" outcome="Passed" testListId="8c84fa94-04c1-424b-9868-57a2d4851a1d" relativeResultsDirectory="8d086481-5565-4b8c-b1c1-7e161d5e774f" />
    <UnitTestResult executionId="9d148a04-dd23-4f55-bd32-c6f35d138c2d" testId="99c2b657-77ec-8bf7-f744-e85dc01a70c9" testName="RadioactivityMonitor.Tests.AlarmTests.Check_WhenValueAtBoundariesAndWithinRange_AlarmRemainsOff(value: 20.5)" computerName="2f6616d6d9b1" duration="00:00:00.0002511" startTime="2025-11-28T09:01:36.7082930+00:00" endTime="2025-11-28T09:01:36.7084703+00:00" testType="13cdc9d9-ddb5-4fa4-a97d-d965ccfc6d4b" outcome="Passed" testListId="8c84fa94-04c1-424b-9868-57a2d4851a1d" relativeResultsDirectory="9d148a04-dd23-4f55-bd32-c6f35d138c2d" />
    <UnitTestResult executionId="812fc5d9-9954-4f99-be75-746dbc6ec578" testId="4510dfe1-db67-c229-515d-ce7a0d17041e" testName="RadioactivityMonitor.Tests.AlarmTests.Check_WhenValueAboveHighThreshold_AlarmTurnsOn_MultipleValues(value: 100)" computerName="2f6616d6d9b1" duration="00:00:00.0000041" startTime="2025-11-28T09:01:36.6504980+00:00" endTime="2025-11-28T09:01:36.6506275+00:00" testType="13cdc9d9-ddb5-4fa4-a97d-d965ccfc6d4b" outcome="Passed" testListId="8c84fa94-04c1-424b-9868-57a2d4851a1d" relativeResultsDirectory="812fc5d9-9954-4f99-be75-746dbc6ec578" />
    <UnitTestResult executionId="45ca7764-5453-448b-9898-cea388ea795e" testId="2fe976a6-43dd-d8ac-654d-4345679996a2" testName="RadioactivityMonitor.Tests.AlarmTests.Check_WhenValueAtBoundariesAndWithinRange_AlarmRemainsOff(value: 19)" computerName="2f6616d6d9b1" duration="00:00:00.0003007" startTime="2025-11-28T09:01:36.7089590+00:00" endTime="2025-11-28T09:01:36.7091902+00:00" testType="13cdc9d9-ddb5-4fa4-a97d-d965ccfc6d4b" outcome="Passed" testListId="8c84fa94-04c1-424b-9868-57a2d4851a1d" relativeResultsDirectory="45ca7764-5453-448b-9898-cea388ea795e" />
    <UnitTestResult executionId="f55f90ef-e86c-4a3f-b8c3-b155556e37ce" testId="f1b85abb-3c55-13cb-a1db-c0858193b5d7" testName="RadioactivityMonitor.Tests.AlarmTests.Check_WhenValueBelowLowThreshold_AlarmTurnsOn_MultipleValues(value: 16.989999999999998)" computerName="2f6616d6d9b1" duration="00:00:00.0002064" startTime="2025-11-28T09:01:36.6517795+00:00" endTime="2025-11-28T09:01:36.6519303+00:00" testType="13cdc9d9-ddb5-4fa4-a97d-d965ccfc6d4b" outcome="Passed" testListId="8c84fa94-04c1-424b-9868-57a2d4851a1d" relativeResultsDirectory="f55f90ef-e86c-4a3f-b8c3-b155556e37ce" />
    <UnitTestResult executionId="f5f8eb20-e035-457f-90fd-ac67942919a9" testId="a808efa9-4677-618e-8ecd-270df9db3f40" testName="RadioactivityMonitor.Tests.AlarmTests.Check_WhenValueAtBoundariesAndWithinRange_AlarmRemainsOff(value: 17)" computerName="2f6616d6d9b1" duration="00:00:00.0000052" startTime="2025-11-28T09:01:36.7098335+00:00" endTime="2025-11-28T09:01:36.7099743+00:00" testType="13cdc9d9-ddb5-4fa4-a97d-d965ccfc6d4b" outcome="Passed" testListId="8c84fa94-04c1-424b-9868-57a2d4851a1d" relativeResultsDirectory="f5f8eb20-e035-457f-90fd-ac67942919a9" />
    <UnitTestResult executionId="310f5f25-e666-47a8-8ac9-5a5fbb156e27" testId="5fb7b9de-a543-48a1-ffab-480c65f7fe93" testName="RadioactivityMonitor.Tests.AlarmTests.Check_WhenValueAtBoundariesAndWithinRange_AlarmRemainsOff(value: 17.5)" computerName="2f6616d6d9b1" duration="00:00:00.0000039" startTime="2025-11-28T09:01:36.7102688+00:00" endTime="2025-11-28T09:01:36.7103978+00:00" testType="13cdc9d9-ddb5-4fa4-a97d-d965ccfc6d4b" outcome="Passed" testListId="8c84fa94-04c1-424b-9868-57a2d4851a1d" relativeResultsDirectory="310f5f25-e666-47a8-8ac9-5a5fbb156e27" />
    <UnitTestResult executionId="65a3baf9-3404-474d-bcb9-e45df823c491" testId="28d8fd64-2f5d-02d8-fbde-1252a94f6052" testName="RadioactivityMonitor.Tests.AlarmTests.Alarm_WithRealSensor_CanTrigger" computerName="2f6616d6d9b1" duration="00:00:00.0003876" startTime="2025-11-28T09:01:36.7274583+00:00" endTime="2025-11-28T09:01:36.7275701+00:00" testType="13cdc9d9-ddb5-4fa4-a97d-d965ccfc6d4b" outcome="Passed" testListId="8c84fa94-04c1-424b-9868-57a2d4851a1d" relativeResultsDirectory="65a3baf9-3404-474d-bcb9-e45df823c491" />
    <UnitTestResult executionId="90d2ae98-8407-488e-9201-1bc4e7ea988c" testId="57a86ec1-70f3-e611-d8d1-6069e32d7102" testName="RadioactivityMonitor.Tests.AlarmTests.Check_WhenValueBelowLowThreshold_AlarmTurnsOn_MultipleValues(value: 16)" computerName="2f6616d6d9b1" duration="00:00:00.0000040" startTime="2025-11-28T09:01:36.6526394+00:00" endTime="2025-11-28T09:01:36.6527702+00:00" testType="13cdc9d9-ddb5-4fa4-a97d-d965ccfc6d4b" outcome="Passed" testListId="8c84fa94-04c1-424b-9868-57a2d4851a1d" relativeResultsDirectory="90d2ae98-8407-488e-9201-1bc4e7ea988c" />
    <UnitTestResult executionId="1277a5a6-724b-40dc-8ea5-308b59a07e0b" testId="adddaa77-43a1-45da-b936-e5fe1ff262f4" testName="RadioactivityMonitor.Tests.AlarmTests.Check_WhenValueBelowLowThreshold_AlarmTurnsOn_MultipleValues(value: 10)" computerName="2f6616d6d9b1" duration="00:00:00.0000078" startTime="2025-11-28T09:01:36.6522651+00:00" endTime="2025-11-28T09:01:36.6523940+00:00" testType="13cdc9d9-ddb5-4fa4-a97d-d965ccfc6d4b" outcome="Passed" testListId="8c84fa94-04c1-424b-9868-57a2d4851a1d" relativeResultsDirectory="1277a5a6-724b-40dc-8ea5-308b59a07e0b" />
    <UnitTestResult executionId="f920f60c-0203-47e5-b263-596a6663d6a8" testId="fe1468f6-b90d-cdfd-8983-4049feb195fe" testName="RadioactivityMonitor.Tests.AlarmTests.Check_CalledMultipleTimesWithAbnormalValues_IncrementsAlarmCount" computerName="2f6616d6d9b1" duration="00:00:00.0101922" startTime="2025-11-28T09:01:36.6081013+00:00" endTime="2025-11-28T09:01:36.6288377+00:00" testType="13cdc9d9-ddb5-4fa4-a97d-d965ccfc6d4b" outcome="Passed" testListId="8c84fa94-04c1-424b-9868-57a2d4851a1d" relativeResultsDirectory="f920f60c-0203-47e5-b263-596a6663d6a8" />
    <UnitTestResult executionId="4f40160a-5ba6-48e2-ac61-4bb71952e773" testId="aa3e847b-ca2b-9b15-ba3b-f07e3b152606" testName="RadioactivityMonitor.Tests.AlarmTests.Reset_ResetsAlarmCount" computerName="2f6616d6d9b1" duration="00:00:00.0001106" startTime="2025-11-28T09:01:36.7257620+00:00" endTime="2025-11-28T09:01:36.7258837+00:00" testType="13cdc9d9-ddb5-4fa4-a97d-d965ccfc6d4b" outcome="Passed" testListId="8c84fa94-04c1-424b-9868-57a2d4851a1d" relativeResultsDirectory="4f40160a-5ba6-48e2-ac61-4bb71952e773" />
    <UnitTestResult executionId="22d69773-83f9-4150-bc64-262020c31aa9" testId="507b816a-c953-b4a9-24c0-c4f1d51a0b98" testName="RadioactivityMonitor.Tests.AlarmTests.Check_WhenValueAboveHighThreshold_AlarmTurnsOn" computerName="2f6616d6d9b1" duration="00:00:00.0001509" startTime="2025-11-28T09:01:36.7218779+00:00" endTime="2025-11-28T09:01:36.7219903+00:00" testType="13cdc9d9-ddb5-4fa4-a97d-d965ccfc6d4b" outcome="Passed" testListId="8c84fa94-04c1-424b-9868-57a2d4851a1d" relativeResultsDirectory="22d69773-83f9-4150-bc64-262020c31aa9" />
    <UnitTestResult executionId="9ea4ed0b-4f8e-451c-b568-5e12a66af34e" testId="90509587-4d65-0fc1-0064-611135b02aca" testName="RadioactivityMonitor.Tests.AlarmTests.Check_WhenValueInNormalRange_AlarmRemainsOff" computerName="2f6616d6d9b1" duration="00:00:00.0001048" startTime="2025-11-28T09:01:36.7223342+00:00" endTime="2025-11-28T09:01:36.7224462+00:00" testType="13cdc9d9-ddb5-4fa4-a97d-d965ccfc6d4b" outcome="Passed" testListId="8c84fa94-04c1-424b-9868-57a2d4851a1d" relativeResultsDirectory="9ea4ed0b-4f8e-451c-b568-5e12a66af34e" />
    <UnitTestResult executionId="83ce5047-cd12-4a67-9bb2-739fe1db49d8" testId="17bdd48c-a9a0-035a-195c-6ad16db037bf" testName="RadioactivityMonitor.Tests.AlarmTests.Check_CalledMultipleTimesWithNormalValues_AlarmRemainsOff" computerName="2f6616d6d9b1" duration="00:00:00.0001954" startTime="2025-11-28T09:01:36.7270024+00:00" endTime="2025-11-28T09:01:36.7271831+00:00" testType="13cdc9d9-ddb5-4fa4-a97d-d965ccfc6d4b" outcome="Passed" testListId="8c84fa94-04c1-424b-9868-57a2d4851a1d" relativeResultsDirectory="83ce5047-cd12-4a67-9bb2-739fe1db49d8" />
    <UnitTestResult executionId="57e410b1-16b3-4b1d-b434-900b25792346" testId="2082417f-8e66-bafe-6daf-ba43346c25dd" testName="RadioactivityMonitor.Tests.AlarmTests.DefaultConstructor_CreatesInstanceWithDefaultSensor" computerName="2f6616d6d9b1" duration="00:00:00.0003061" startTime="2025-11-28T09:01:36.7178416+00:00" endTime="2025-11-28T09:01:36.7179700+00:00" testType="13cdc9d9-ddb5-4fa4-a97d-d965ccfc6d4b" outcome="Passed" testListId="8c84fa94-04c1-424b-9868-57a2d4851a1d" relativeResultsDirectory="57e410b1-16b3-4b1d-b434-900b25792346" />
    <UnitTestResult executionId="255cef90-66e4-4981-830e-b0f4eec559b1" testId="d875725f-969e-ce27-8150-3857adf07575" testName="RadioactivityMonitor.Tests.AlarmTests.Check_WithExtremeValues_HandlesCorrectly(value: -1.7976931348623157E+308)" computerName="2f6616d6d9b1" duration="00:00:00.0002578" startTime="2025-11-28T09:01:36.7214962+00:00" endTime="2025-11-28T09:01:36.7216081+00:00" testType="13cdc9d9-ddb5-4fa4-a97d-d965ccfc6d4b" outcome="Passed" testListId="8c84fa94-04c1-424b-9868-57a2d4851a1d" relativeResultsDirectory="255cef90-66e4-4981-830e-b0f4eec559b1" />
    <UnitTestResult executionId="5ecb47f2-47b3-40bc-800a-4c7799ee5d58" testId="4ff1a562-7608-ba16-803c-526a7d5ed338" testName="RadioactivityMonitor.Tests.AlarmTests.Constructor_WithValidSensor_CreatesInstance" computerName="2f6616d6d9b1" duration="00:00:00.0000791" startTime="2025-11-28T09:01:36.7183418+00:00" endTime="2025-11-28T09:01:36.7184561+00:00" testType="13cdc9d9-ddb5-4fa4-a97d-d965ccfc6d4b" outcome="Passed" testListId="8c84fa94-04c1-424b-9868-57a2d4851a1d" relativeResultsDirectory="5ecb47f2-47b3-40bc-800a-4c7799ee5d58" />
    <UnitTestResult executionId="17545dfc-931b-4882-b57e-eb7bd14686c3" testId="38f6bc2a-0804-a370-c750-4a69da1a8da1" testName="RadioactivityMonitor.Tests.AlarmTests.Check_WhenValueBelowLowThreshold_AlarmTurnsOn_MultipleValues(value: 0)" computerName="2f6616d6d9b1" duration="00:00:00.0001698" startTime="2025-11-28T09:01:36.6513367+00:00" endTime="2025-11-28T09:01:36.6515410+00:00" testType="13cdc9d9-ddb5-4fa4-a97d-d965ccfc6d4b" outcome="Passed" testListId="8c84fa94-04c1-424b-9868-57a2d4851a1d" relativeResultsDirectory="17545dfc-931b-4882-b57e-eb7bd14686c3" />
    <UnitTestResult executionId="21f87ffe-818f-499b-8ea9-65cdde37dabd" testId="8a5f31a0-b4d8-8378-dbaa-da40f7317de7" testName="RadioactivityMonitor.Tests.AlarmTests.Check_WhenValueAboveHighThreshold_AlarmTurnsOn_MultipleValues(value: 21.010000000000002)" computerName="2f6616d6d9b1" duration="00:00:00.0003095" startTime="2025-11-28T09:01:36.6478288+00:00" endTime="2025-11-28T09:01:36.6482446+00:00" testType="13cdc9d9-ddb5-4fa4-a97d-d965ccfc6d4b" outcome="Passed" testListId="8c84fa94-04c1-424b-9868-57a2d4851a1d" relativeResultsDirectory="21f87ffe-818f-499b-8ea9-65cdde37dabd" />
    <UnitTestResult executionId="62c350af-21bc-4bff-9608-caa4585f7369" testId="d774170c-5e09-b608-8a21-ad5159815bd5" testName="RadioactivityMonitor.Tests.AlarmTests.Check_WhenValueAboveHighThreshold_AlarmTurnsOn_MultipleValues(value: 22)" computerName="2f6616d6d9b1" duration="00:00:00.0002811" startTime="2025-11-28T09:01:36.6495920+00:00" endTime="2025-11-28T09:01:36.6497415+00:00" testType="13cdc9d9-ddb5-4fa4-a97d-d965ccfc6d4b" outcome="Passed" testListId="8c84fa94-04c1-424b-9868-57a2d4851a1d" relativeResultsDirectory="62c350af-21bc-4bff-9608-caa4585f7369" />
    <UnitTestResult executionId="87bf1a65-b526-4b77-a414-e72fbdca30c6" testId="9ef9d632-cad7-f6d3-99d8-195d05be1b2b" testName="RadioactivityMonitor.Tests.AlarmTests.Check_WhenValueAtBoundariesAndWithinRange_AlarmRemainsOff(value: 21)" computerName="2f6616d6d9b1" duration="00:00:00.0000092" startTime="2025-11-28T09:01:36.7094607+00:00" endTime="2025-11-28T09:01:36.7095937+00:00" testType="13cdc9d9-ddb5-4fa4-a97d-d965ccfc6d4b" outcome="Passed" testListId="8c84fa94-04c1-424b-9868-57a2d4851a1d" relativeResultsDirectory="87bf1a65-b526-4b77-a414-e72fbdca30c6" />
    <UnitTestResult executionId="0110868c-0c02-42fb-bd16-5af54355134f" testId="6b4d6410-6096-209a-845f-4e8ea68707bd" testName="RadioactivityMonitor.Tests.AlarmTests.Reset_WhenAlarmIsOn_TurnsAlarmOff" computerName="2f6616d6d9b1" duration="00:00:00.0001979" startTime="2025-11-28T09:01:36.7107348+00:00" endTime="2025-11-28T09:01:36.7108614+00:00" testType="13cdc9d9-ddb5-4fa4-a97d-d965ccfc6d4b" outcome="Passed" testListId="8c84fa94-04c1-424b-9868-57a2d4851a1d" relativeResultsDirectory="0110868c-0c02-42fb-bd16-5af54355134f" />
    <UnitTestResult executionId="8a1471f0-daf3-4811-9a48-b131c57f98f4" testId="1ab1155b-6201-466c-a910-b3502007543c" testName="RadioactivityMonitor.Tests.AlarmTests.Check_CallsSensorNextMeasureOnce" computerName="2f6616d6d9b1" duration="00:00:00.0041382" startTime="2025-11-28T09:01:36.7236451+00:00" endTime="2025-11-28T09:01:36.7237545+00:00" testType="13cdc9d9-ddb5-4fa4-a97d-d965ccfc6d4b" outcome="Passed" testListId="8c84fa94-04c1-424b-9868-57a2d4851a1d" relativeResultsDirectory="8a1471f0-daf3-4811-9a48-b131c57f98f4" />
    <UnitTestResult executionId="20008ec3-e3c0-4263-a326-edf14c2d98cb" testId="b0ef163f-fdd9-99c5-3b2e-2166e5355d24" testName="RadioactivityMonitor.Tests.AlarmTests.RealSensor_GeneratesValuesInExpectedRange" computerName="2f6616d6d9b1" duration="00:00:00.0077222" startTime="2025-11-28T09:01:36.7240136+00:00" endTime="2025-11-28T09:01:36.7242177+00:00" testType="13cdc9d9-ddb5-4fa4-a97d-d965ccfc6d4b" outcome="Passed" testListId="8c84fa94-04c1-424b-9868-57a2d4851a1d" relativeResultsDirectory="20008ec3-e3c0-4263-a326-edf14c2d98cb" />
    <UnitTestResult executionId="4047d4c7-83b7-4ed6-83b6-f32ee67dbe76" testId="e19f2647-c3ec-9bd7-8863-295cc3d96fb2" testName="RadioactivityMonitor.Tests.AlarmTests.Check_OnceAlarmIsOn_RemainsOn" computerName="2f6616d6d9b1" duration="00:00:00.0001666" startTime="2025-11-28T09:01:36.7278355+00:00" endTime="2025-11-28T09:01:36.7279470+00:00" testType="13cdc9d9-ddb5-4fa4-a97d-d965ccfc6d4b" outcome="Passed" testListId="8c84fa94-04c1-424b-9868-57a2d4851a1d" relativeResultsDirectory="4047d4c7-83b7-4ed6-83b6-f32ee67dbe76" />
    <UnitTestResult executionId="f54a9598-0742-457d-bbf1-fd95cc4a600e" testId="975ad74f-fd70-e2d6-b953-6fa9ca08b557" testName="RadioactivityMonitor.Tests.AlarmTests.Reset_WhenAlarmIsOff_RemainsOff" computerName="2f6616d6d9b1" duration="00:00:00.0001386" startTime="2025-11-28T09:01:36.7227139+00:00" endTime="2025-11-28T09:01:36.7228259+00:00" testType="13cdc9d9-ddb5-4fa4-a97d-d965ccfc6d4b" outcome="Passed" testListId="8c84fa94-04c1-424b-9868-57a2d4851a1d" relativeResultsDirectory="f54a9598-0742-457d-bbf1-fd95cc4a600e" />
  </Results>
  <TestDefinitions>
    <UnitTest name="RadioactivityMonitor.Tests.AlarmTests.Constructor_WithValidSensor_CreatesInstance" storage="/app/tests/radioactivitymonitor.tests/bin/release/net8.0/radioactivitymonitor.tests.dll" id="4ff1a562-7608-ba16-803c-526a7d5ed338">
      <Execution id="5ecb47f2-47b3-40bc-800a-4c7799ee5d58" />
      <TestMethod codeBase="/app/tests/RadioactivityMonitor.Tests/bin/Release/net8.0/RadioactivityMonitor.Tests.dll" adapterTypeName="executor://xunit/VsTestRunner3/netcore/" className="RadioactivityMonitor.Tests.AlarmTests" name="Constructor_WithValidSensor_CreatesInstance" />
    </UnitTest>
    <UnitTest name="RadioactivityMonitor.Tests.AlarmTests.Check_WhenValueAtBoundariesAndWithinRange_AlarmRemainsOff(value: 21)" storage="/app/tests/radioactivitymonitor.tests/bin/release/net8.0/radioactivitymonitor.tests.dll" id="9ef9d632-cad7-f6d3-99d8-195d05be1b2b">
      <Execution id="87bf1a65-b526-4b77-a414-e72fbdca30c6" />
      <TestMethod codeBase="/app/tests/RadioactivityMonitor.Tests/bin/Release/net8.0/RadioactivityMonitor.Tests.dll" adapterTypeName="executor://xunit/VsTestRunner3/netcore/" className="RadioactivityMonitor.Tests.AlarmTests" name="Check_WhenValueAtBoundariesAndWithinRange_AlarmRemainsOff" />
    </UnitTest>
    <UnitTest name="RadioactivityMonitor.Tests.AlarmTests.Check_CalledMultipleTimesWithAbnormalValues_IncrementsAlarmCount" storage="/app/tests/radioactivitymonitor.tests/bin/release/net8.0/radioactivitymonitor.tests.dll" id="fe1468f6-b90d-cdfd-8983-4049feb195fe">
      <Execution id="f920f60c-0203-47e5-b263-596a6663d6a8" />
      <TestMethod codeBase="/app/tests/RadioactivityMonitor.Tests/bin/Release/net8.0/RadioactivityMonitor.Tests.dll" adapterTypeName="executor://xunit/VsTestRunner3/netcore/" className="RadioactivityMonitor.Tests.AlarmTests" name="Check_CalledMultipleTimesWithAbnormalValues_IncrementsAlarmCount" />
    </UnitTest>
    <UnitTest name="RadioactivityMonitor.Tests.AlarmTests.Check_WhenValueAtBoundariesAndWithinRange_AlarmRemainsOff(value: 17)" storage="/app/tests/radioactivitymonitor.tests/bin/release/net8.0/radioactivitymonitor.tests.dll" id="a808efa9-4677-618e-8ecd-270df9db3f40">
      <Execution id="f5f8eb20-e035-457f-90fd-ac67942919a9" />
      <TestMethod codeBase="/app/tests/RadioactivityMonitor.Tests/bin/Release/net8.0/RadioactivityMonitor.Tests.dll" adapterTypeName="executor://xunit/VsTestRunner3/netcore/" className="RadioactivityMonitor.Tests.AlarmTests" name="Check_WhenValueAtBoundariesAndWithinRange_AlarmRemainsOff" />
    </UnitTest>
    <UnitTest name="RadioactivityMonitor.Tests.AlarmTests.DefaultConstructor_CreatesInstanceWithDefaultSensor" storage="/app/tests/radioactivitymonitor.tests/bin/release/net8.0/radioactivitymonitor.tests.dll" id="2082417f-8e66-bafe-6daf-ba43346c25dd">
      <Execution id="57e410b1-16b3-4b1d-b434-900b25792346" />
      <TestMethod codeBase="/app/tests/RadioactivityMonitor.Tests/bin/Release/net8.0/RadioactivityMonitor.Tests.dll" adapterTypeName="executor://xunit/VsTestRunner3/netcore/" className="RadioactivityMonitor.Tests.AlarmTests" name="DefaultConstructor_CreatesInstanceWithDefaultSensor" />
    </UnitTest>
    <UnitTest name="RadioactivityMonitor.Tests.AlarmTests.Check_WhenValueAtBoundariesAndWithinRange_AlarmRemainsOff(value: 19)" storage="/app/tests/radioactivitymonitor.tests/bin/release/net8.0/radioactivitymonitor.tests.dll" id="2fe976a6-43dd-d8ac-654d-4345679996a2">
      <Execution id="45ca7764-5453-448b-9898-cea388ea795e" />
      <TestMethod codeBase="/app/tests/RadioactivityMonitor.Tests/bin/Release/net8.0/RadioactivityMonitor.Tests.dll" adapterTypeName="executor://xunit/VsTestRunner3/netcore/" className="RadioactivityMonitor.Tests.AlarmTests" name="Check_WhenValueAtBoundariesAndWithinRange_AlarmRemainsOff" />
    </UnitTest>
    <UnitTest name="RadioactivityMonitor.Tests.AlarmTests.Reset_WhenAlarmIsOff_RemainsOff" storage="/app/tests/radioactivitymonitor.tests/bin/release/net8.0/radioactivitymonitor.tests.dll" id="975ad74f-fd70-e2d6-b953-6fa9ca08b557">
      <Execution id="f54a9598-0742-457d-bbf1-fd95cc4a600e" />
      <TestMethod codeBase="/app/tests/RadioactivityMonitor.Tests/bin/Release/net8.0/RadioactivityMonitor.Tests.dll" adapterTypeName="executor://xunit/VsTestRunner3/netcore/" className="RadioactivityMonitor.Tests.AlarmTests" name="Reset_WhenAlarmIsOff_RemainsOff" />
    </UnitTest>
    <UnitTest name="RadioactivityMonitor.Tests.AlarmTests.Check_WhenValueAboveHighThreshold_AlarmTurnsOn_MultipleValues(value: 21.010000000000002)" storage="/app/tests/radioactivitymonitor.tests/bin/release/net8.0/radioactivitymonitor.tests.dll" id="8a5f31a0-b4d8-8378-dbaa-da40f7317de7">
      <Execution id="21f87ffe-818f-499b-8ea9-65cdde37dabd" />
      <TestMethod codeBase="/app/tests/RadioactivityMonitor.Tests/bin/Release/net8.0/RadioactivityMonitor.Tests.dll" adapterTypeName="executor://xunit/VsTestRunner3/netcore/" className="RadioactivityMonitor.Tests.AlarmTests" name="Check_WhenValueAboveHighThreshold_AlarmTurnsOn_MultipleValues" />
    </UnitTest>
    <UnitTest name="RadioactivityMonitor.Tests.AlarmTests.Check_WhenValueAtBoundariesAndWithinRange_AlarmRemainsOff(value: 20.5)" storage="/app/tests/radioactivitymonitor.tests/bin/release/net8.0/radioactivitymonitor.tests.dll" id="99c2b657-77ec-8bf7-f744-e85dc01a70c9">
      <Execution id="9d148a04-dd23-4f55-bd32-c6f35d138c2d" />
      <TestMethod codeBase="/app/tests/RadioactivityMonitor.Tests/bin/Release/net8.0/RadioactivityMonitor.Tests.dll" adapterTypeName="executor://xunit/VsTestRunner3/netcore/" className="RadioactivityMonitor.Tests.AlarmTests" name="Check_WhenValueAtBoundariesAndWithinRange_AlarmRemainsOff" />
    </UnitTest>
    <UnitTest name="RadioactivityMonitor.Tests.AlarmTests.Check_WithExtremeValues_HandlesCorrectly(value: 1.7976931348623157E+308)" storage="/app/tests/radioactivitymonitor.tests/bin/release/net8.0/radioactivitymonitor.tests.dll" id="608a8b53-929e-d007-7d4f-997076834a2a">
      <Execution id="84cb5f32-8fe7-4a6a-af3b-bc971dec3852" />
      <TestMethod codeBase="/app/tests/RadioactivityMonitor.Tests/bin/Release/net8.0/RadioactivityMonitor.Tests.dll" adapterTypeName="executor://xunit/VsTestRunner3/netcore/" className="RadioactivityMonitor.Tests.AlarmTests" name="Check_WithExtremeValues_HandlesCorrectly" />
    </UnitTest>
    <UnitTest name="RadioactivityMonitor.Tests.AlarmTests.Check_CalledMultipleTimes_CallsSensorEachTime" storage="/app/tests/radioactivitymonitor.tests/bin/release/net8.0/radioactivitymonitor.tests.dll" id="3a5642bc-b887-4087-8584-3e9407915325">
      <Execution id="c72db432-7c6e-4faf-ab74-7f4cab5e0c7c" />
      <TestMethod codeBase="/app/tests/RadioactivityMonitor.Tests/bin/Release/net8.0/RadioactivityMonitor.Tests.dll" adapterTypeName="executor://xunit/VsTestRunner3/netcore/" className="RadioactivityMonitor.Tests.AlarmTests" name="Check_CalledMultipleTimes_CallsSensorEachTime" />
    </UnitTest>
    <UnitTest name="RadioactivityMonitor.Tests.AlarmTests.Check_WhenValueBelowLowThreshold_AlarmTurnsOn_MultipleValues(value: 0)" storage="/app/tests/radioactivitymonitor.tests/bin/release/net8.0/radioactivitymonitor.tests.dll" id="38f6bc2a-0804-a370-c750-4a69da1a8da1">
      <Execution id="17545dfc-931b-4882-b57e-eb7bd14686c3" />
      <TestMethod codeBase="/app/tests/RadioactivityMonitor.Tests/bin/Release/net8.0/RadioactivityMonitor.Tests.dll" adapterTypeName="executor://xunit/VsTestRunner3/netcore/" className="RadioactivityMonitor.Tests.AlarmTests" name="Check_WhenValueBelowLowThreshold_AlarmTurnsOn_MultipleValues" />
    </UnitTest>
    <UnitTest name="RadioactivityMonitor.Tests.AlarmTests.Check_WhenValueBelowLowThreshold_AlarmTurnsOn_MultipleValues(value: 16)" storage="/app/tests/radioactivitymonitor.tests/bin/release/net8.0/radioactivitymonitor.tests.dll" id="57a86ec1-70f3-e611-d8d1-6069e32d7102">
      <Execution id="90d2ae98-8407-488e-9201-1bc4e7ea988c" />
      <TestMethod codeBase="/app/tests/RadioactivityMonitor.Tests/bin/Release/net8.0/RadioactivityMonitor.Tests.dll" adapterTypeName="executor://xunit/VsTestRunner3/netcore/" className="RadioactivityMonitor.Tests.AlarmTests" name="Check_WhenValueBelowLowThreshold_AlarmTurnsOn_MultipleValues" />
    </UnitTest>
    <UnitTest name="RadioactivityMonitor.Tests.AlarmTests.Check_WhenValueInNormalRange_AlarmRemainsOff" storage="/app/tests/radioactivitymonitor.tests/bin/release/net8.0/radioactivitymonitor.tests.dll" id="90509587-4d65-0fc1-0064-611135b02aca">
      <Execution id="9ea4ed0b-4f8e-451c-b568-5e12a66af34e" />
      <TestMethod codeBase="/app/tests/RadioactivityMonitor.Tests/bin/Release/net8.0/RadioactivityMonitor.Tests.dll" adapterTypeName="executor://xunit/VsTestRunner3/netcore/" className="RadioactivityMonitor.Tests.AlarmTests" name="Check_WhenValueInNormalRange_AlarmRemainsOff" />
    </UnitTest>
    <UnitTest name="RadioactivityMonitor.Tests.AlarmTests.Check_WhenValueAboveHighThreshold_AlarmTurnsOn_MultipleValues(value: 100)" storage="/app/tests/radioactivitymonitor.tests/bin/release/net8.0/radioactivitymonitor.tests.dll" id="4510dfe1-db67-c229-515d-ce7a0d17041e">
      <Execution id="812fc5d9-9954-4f99-be75-746dbc6ec578" />
      <TestMethod codeBase="/app/tests/RadioactivityMonitor.Tests/bin/Release/net8.0/RadioactivityMonitor.Tests.dll" adapterTypeName="executor://xunit/VsTestRunner3/netcore/" className="RadioactivityMonitor.Tests.AlarmTests" name="Check_WhenValueAboveHighThreshold_AlarmTurnsOn_MultipleValues" />
    </UnitTest>
    <UnitTest name="RadioactivityMonitor.Tests.AlarmTests.Check_CalledMultipleTimesWithNormalValues_AlarmRemainsOff" storage="/app/tests/radioactivitymonitor.tests/bin/release/net8.0/radioactivitymonitor.tests.dll" id="17bdd48c-a9a0-035a-195c-6ad16db037bf">
      <Execution id="83ce5047-cd12-4a67-9bb2-739fe1db49d8" />
      <TestMethod codeBase="/app/tests/RadioactivityMonitor.Tests/bin/Release/net8.0/RadioactivityMonitor.Tests.dll" adapterTypeName="executor://xunit/VsTestRunner3/netcore/" className="RadioactivityMonitor.Tests.AlarmTests" name="Check_CalledMultipleTimesWithNormalValues_AlarmRemainsOff" />
    </UnitTest>
    <UnitTest name="RadioactivityMonitor.Tests.AlarmTests.Check_OnceAlarmIsOn_RemainsOn" storage="/app/tests/radioactivitymonitor.tests/bin/release/net8.0/radioactivitymonitor.tests.dll" id="e19f2647-c3ec-9bd7-8863-295cc3d96fb2">
      <Execution id="4047d4c7-83b7-4ed6-83b6-f32ee67dbe76" />
      <TestMethod codeBase="/app/tests/RadioactivityMonitor.Tests/bin/Release/net8.0/RadioactivityMonitor.Tests.dll" adapterTypeName="executor://xunit/VsTestRunner3/netcore/" className="RadioactivityMonitor.Tests.AlarmTests" name="Check_OnceAlarmIsOn_RemainsOn" />
    </UnitTest>
    <UnitTest name="RadioactivityMonitor.Tests.AlarmTests.Check_WhenValueAboveHighThreshold_AlarmTurnsOn_MultipleValues(value: 30)" storage="/app/tests/radioactivitymonitor.tests/bin/release/net8.0/radioactivitymonitor.tests.dll" id="e8485be3-98c8-0338-40e1-5edd2cae845b">
      <Execution id="e7ac189f-ca34-41ce-ab1f-cfec16e99462" />
      <TestMethod codeBase="/app/tests/RadioactivityMonitor.Tests/bin/Release/net8.0/RadioactivityMonitor.Tests.dll" adapterTypeName="executor://xunit/VsTestRunner3/netcore/" className="RadioactivityMonitor.Tests.AlarmTests" name="Check_WhenValueAboveHighThreshold_AlarmTurnsOn_MultipleValues" />
    </UnitTest>
    <UnitTest name="RadioactivityMonitor.Tests.AlarmTests.Check_WhenValueAboveHighThreshold_AlarmTurnsOn_MultipleValues(value: 22)" storage="/app/tests/radioactivitymonitor.tests/bin/release/net8.0/radioactivitymonitor.tests.dll" id="d774170c-5e09-b608-8a21-ad5159815bd5">
      <Execution id="62c350af-21bc-4bff-9608-caa4585f7369" />
      <TestMethod codeBase="/app/tests/RadioactivityMonitor.Tests/bin/Release/net8.0/RadioactivityMonitor.Tests.dll" adapterTypeName="executor://xunit/VsTestRunner3/netcore/" className="RadioactivityMonitor.Tests.AlarmTests" name="Check_WhenValueAboveHighThreshold_AlarmTurnsOn_MultipleValues" />
    </UnitTest>
    <UnitTest name="RadioactivityMonitor.Tests.AlarmTests.Check_CallsSensorNextMeasureOnce" storage="/app/tests/radioactivitymonitor.tests/bin/release/net8.0/radioactivitymonitor.tests.dll" id="1ab1155b-6201-466c-a910-b3502007543c">
      <Execution id="8a1471f0-daf3-4811-9a48-b131c57f98f4" />
      <TestMethod codeBase="/app/tests/RadioactivityMonitor.Tests/bin/Release/net8.0/RadioactivityMonitor.Tests.dll" adapterTypeName="executor://xunit/VsTestRunner3/netcore/" className="RadioactivityMonitor.Tests.AlarmTests" name="Check_CallsSensorNextMeasureOnce" />
    </UnitTest>
    <UnitTest name="RadioactivityMonitor.Tests.AlarmTests.Check_WithNegativeValue_TriggersAlarm" storage="/app/tests/radioactivitymonitor.tests/bin/release/net8.0/radioactivitymonitor.tests.dll" id="0edbde3c-718e-c261-cc1f-3cf96036bb59">
      <Execution id="8d086481-5565-4b8c-b1c1-7e161d5e774f" />
      <TestMethod codeBase="/app/tests/RadioactivityMonitor.Tests/bin/Release/net8.0/RadioactivityMonitor.Tests.dll" adapterTypeName="executor://xunit/VsTestRunner3/netcore/" className="RadioactivityMonitor.Tests.AlarmTests" name="Check_WithNegativeValue_TriggersAlarm" />
    </UnitTest>
    <UnitTest name="RadioactivityMonitor.Tests.AlarmTests.Constructor_WithNullSensor_ThrowsArgumentNullException" storage="/app/tests/radioactivitymonitor.tests/bin/release/net8.0/radioactivitymonitor.tests.dll" id="e39f3cc1-8020-c39b-50db-c82fb8fa4455">
      <Execution id="7f4b8a0a-9288-466c-8e73-14538e84ffb3" />
      <TestMethod codeBase="/app/tests/RadioactivityMonitor.Tests/bin/Release/net8.0/RadioactivityMonitor.Tests.dll" adapterTypeName="executor://xunit/VsTestRunner3/netcore/" className="RadioactivityMonitor.Tests.AlarmTests" name="Constructor_WithNullSensor_ThrowsArgumentNullException" />
    </UnitTest>
    <UnitTest name="RadioactivityMonitor.Tests.AlarmTests.RealSensor_GeneratesValuesInExpectedRange" storage="/app/tests/radioactivitymonitor.tests/bin/release/net8.0/radioactivitymonitor.tests.dll" id="b0ef163f-fdd9-99c5-3b2e-2166e5355d24">
      <Execution id="20008ec3-e3c0-4263-a326-edf14c2d98cb" />
      <TestMethod codeBase="/app/tests/RadioactivityMonitor.Tests/bin/Release/net8.0/RadioactivityMonitor.Tests.dll" adapterTypeName="executor://xunit/VsTestRunner3/netcore/" className="RadioactivityMonitor.Tests.AlarmTests" name="RealSensor_GeneratesValuesInExpectedRange" />
    </UnitTest>
    <UnitTest name="RadioactivityMonitor.Tests.AlarmTests.Check_WhenValueBelowLowThreshold_AlarmTurnsOn_MultipleValues(value: 16.989999999999998)" storage="/app/tests/radioactivitymonitor.tests/bin/release/net8.0/radioactivitymonitor.tests.dll" id="f1b85abb-3c55-13cb-a1db-c0858193b5d7">
      <Execution id="f55f90ef-e86c-4a3f-b8c3-b155556e37ce" />
      <TestMethod codeBase="/app/tests/RadioactivityMonitor.Tests/bin/Release/net8.0/RadioactivityMonitor.Tests.dll" adapterTypeName="executor://xunit/VsTestRunner3/netcore/" className="RadioactivityMonitor.Tests.AlarmTests" name="Check_WhenValueBelowLowThreshold_AlarmTurnsOn_MultipleValues" />
    </UnitTest>
    <UnitTest name="RadioactivityMonitor.Tests.AlarmTests.Reset_ResetsAlarmCount" storage="/app/tests/radioactivitymonitor.tests/bin/release/net8.0/radioactivitymonitor.tests.dll" id="aa3e847b-ca2b-9b15-ba3b-f07e3b152606">
      <Execution id="4f40160a-5ba6-48e2-ac61-4bb71952e773" />
      <TestMethod codeBase="/app/tests/RadioactivityMonitor.Tests/bin/Release/net8.0/RadioactivityMonitor.Tests.dll" adapterTypeName="executor://xunit/VsTestRunner3/netcore/" className="RadioactivityMonitor.Tests.AlarmTests" name="Reset_ResetsAlarmCount" />
    </UnitTest>
    <UnitTest name="RadioactivityMonitor.Tests.AlarmTests.Check_WithExtremeValues_HandlesCorrectly(value: -1.7976931348623157E+308)" storage="/app/tests/radioactivitymonitor.tests/bin/release/net8.0/radioactivitymonitor.tests.dll" id="d875725f-969e-ce27-8150-3857adf07575">
      <Execution id="255cef90-66e4-4981-830e-b0f4eec559b1" />
      <TestMethod codeBase="/app/tests/RadioactivityMonitor.Tests/bin/Release/net8.0/RadioactivityMonitor.Tests.dll" adapterTypeName="executor://xunit/VsTestRunner3/netcore/" className="RadioactivityMonitor.Tests.AlarmTests" name="Check_WithExtremeValues_HandlesCorrectly" />
    </UnitTest>
    <UnitTest name="RadioactivityMonitor.Tests.AlarmTests.Check_WithSequenceOfValues_CorrectlyTracksAlarmCount" storage="/app/tests/radioactivitymonitor.tests/bin/release/net8.0/radioactivitymonitor.tests.dll" id="36bcfc5b-69ec-91fe-42ea-0a76fe9e4cd1">
      <Execution id="a4383582-bfb0-41a7-abdc-129e99fb3ad0" />
      <TestMethod codeBase="/app/tests/RadioactivityMonitor.Tests/bin/Release/net8.0/RadioactivityMonitor.Tests.dll" adapterTypeName="executor://xunit/VsTestRunner3/netcore/" className="RadioactivityMonitor.Tests.AlarmTests" name="Check_WithSequenceOfValues_CorrectlyTracksAlarmCount" />
    </UnitTest>
    <UnitTest name="RadioactivityMonitor.Tests.AlarmTests.Alarm_WithRealSensor_CanTrigger" storage="/app/tests/radioactivitymonitor.tests/bin/release/net8.0/radioactivitymonitor.tests.dll" id="28d8fd64-2f5d-02d8-fbde-1252a94f6052">
      <Execution id="65a3baf9-3404-474d-bcb9-e45df823c491" />
      <TestMethod codeBase="/app/tests/RadioactivityMonitor.Tests/bin/Release/net8.0/RadioactivityMonitor.Tests.dll" adapterTypeName="executor://xunit/VsTestRunner3/netcore/" className="RadioactivityMonitor.Tests.AlarmTests" name="Alarm_WithRealSensor_CanTrigger" />
    </UnitTest>
    <UnitTest name="RadioactivityMonitor.Tests.AlarmTests.Check_WhenValueAtBoundariesAndWithinRange_AlarmRemainsOff(value: 17.5)" storage="/app/tests/radioactivitymonitor.tests/bin/release/net8.0/radioactivitymonitor.tests.dll" id="5fb7b9de-a543-48a1-ffab-480c65f7fe93">
      <Execution id="310f5f25-e666-47a8-8ac9-5a5fbb156e27" />
      <TestMethod codeBase="/app/tests/RadioactivityMonitor.Tests/bin/Release/net8.0/RadioactivityMonitor.Tests.dll" adapterTypeName="executor://xunit/VsTestRunner3/netcore/" className="RadioactivityMonitor.Tests.AlarmTests" name="Check_WhenValueAtBoundariesAndWithinRange_AlarmRemainsOff" />
    </UnitTest>
    <UnitTest name="RadioactivityMonitor.Tests.AlarmTests.Reset_WhenAlarmIsOn_TurnsAlarmOff" storage="/app/tests/radioactivitymonitor.tests/bin/release/net8.0/radioactivitymonitor.tests.dll" id="6b4d6410-6096-209a-845f-4e8ea68707bd">
      <Execution id="0110868c-0c02-42fb-bd16-5af54355134f" />
      <TestMethod codeBase="/app/tests/RadioactivityMonitor.Tests/bin/Release/net8.0/RadioactivityMonitor.Tests.dll" adapterTypeName="executor://xunit/VsTestRunner3/netcore/" className="RadioactivityMonitor.Tests.AlarmTests" name="Reset_WhenAlarmIsOn_TurnsAlarmOff" />
    </UnitTest>
    <UnitTest name="RadioactivityMonitor.Tests.AlarmTests.Check_WhenValueBelowLowThreshold_AlarmTurnsOn_MultipleValues(value: 10)" storage="/app/tests/radioactivitymonitor.tests/bin/release/net8.0/radioactivitymonitor.tests.dll" id="adddaa77-43a1-45da-b936-e5fe1ff262f4">
      <Execution id="1277a5a6-724b-40dc-8ea5-308b59a07e0b" />
      <TestMethod codeBase="/app/tests/RadioactivityMonitor.Tests/bin/Release/net8.0/RadioactivityMonitor.Tests.dll" adapterTypeName="executor://xunit/VsTestRunner3/netcore/" className="RadioactivityMonitor.Tests.AlarmTests" name="Check_WhenValueBelowLowThreshold_AlarmTurnsOn_MultipleValues" />
    </UnitTest>
    <UnitTest name="RadioactivityMonitor.Tests.AlarmTests.Check_WhenValueAboveHighThreshold_AlarmTurnsOn" storage="/app/tests/radioactivitymonitor.tests/bin/release/net8.0/radioactivitymonitor.tests.dll" id="507b816a-c953-b4a9-24c0-c4f1d51a0b98">
      <Execution id="22d69773-83f9-4150-bc64-262020c31aa9" />
      <TestMethod codeBase="/app/tests/RadioactivityMonitor.Tests/bin/Release/net8.0/RadioactivityMonitor.Tests.dll" adapterTypeName="executor://xunit/VsTestRunner3/netcore/" className="RadioactivityMonitor.Tests.AlarmTests" name="Check_WhenValueAboveHighThreshold_AlarmTurnsOn" />
    </UnitTest>
    <UnitTest name="RadioactivityMonitor.Tests.AlarmTests.Check_WhenValueBelowLowThreshold_AlarmTurnsOn" storage="/app/tests/radioactivitymonitor.tests/bin/release/net8.0/radioactivitymonitor.tests.dll" id="c68ebd73-1073-6b46-74f7-8cde09333c6c">
      <Execution id="df04d7d1-517a-44d4-89b1-8e36f2852a73" />
      <TestMethod codeBase="/app/tests/RadioactivityMonitor.Tests/bin/Release/net8.0/RadioactivityMonitor.Tests.dll" adapterTypeName="executor://xunit/VsTestRunner3/netcore/" className="RadioactivityMonitor.Tests.AlarmTests" name="Check_WhenValueBelowLowThreshold_AlarmTurnsOn" />
    </UnitTest>
  </TestDefinitions>
  <TestEntries>
    <TestEntry testId="3a5642bc-b887-4087-8584-3e9407915325" executionId="c72db432-7c6e-4faf-ab74-7f4cab5e0c7c" testListId="8c84fa94-04c1-424b-9868-57a2d4851a1d" />
    <TestEntry testId="c68ebd73-1073-6b46-74f7-8cde09333c6c" executionId="df04d7d1-517a-44d4-89b1-8e36f2852a73" testListId="8c84fa94-04c1-424b-9868-57a2d4851a1d" />
    <TestEntry testId="e39f3cc1-8020-c39b-50db-c82fb8fa4455" executionId="7f4b8a0a-9288-466c-8e73-14538e84ffb3" testListId="8c84fa94-04c1-424b-9868-57a2d4851a1d" />
    <TestEntry testId="e8485be3-98c8-0338-40e1-5edd2cae845b" executionId="e7ac189f-ca34-41ce-ab1f-cfec16e99462" testListId="8c84fa94-04c1-424b-9868-57a2d4851a1d" />
    <TestEntry testId="608a8b53-929e-d007-7d4f-997076834a2a" executionId="84cb5f32-8fe7-4a6a-af3b-bc971dec3852" testListId="8c84fa94-04c1-424b-9868-57a2d4851a1d" />
    <TestEntry testId="36bcfc5b-69ec-91fe-42ea-0a76fe9e4cd1" executionId="a4383582-bfb0-41a7-abdc-129e99fb3ad0" testListId="8c84fa94-04c1-424b-9868-57a2d4851a1d" />
    <TestEntry testId="0edbde3c-718e-c261-cc1f-3cf96036bb59" executionId="8d086481-5565-4b8c-b1c1-7e161d5e774f" testListId="8c84fa94-04c1-424b-9868-57a2d4851a1d" />
    <TestEntry testId="99c2b657-77ec-8bf7-f744-e85dc01a70c9" executionId="9d148a04-dd23-4f55-bd32-c6f35d138c2d" testListId="8c84fa94-04c1-424b-9868-57a2d4851a1d" />
    <TestEntry testId="4510dfe1-db67-c229-515d-ce7a0d17041e" executionId="812fc5d9-9954-4f99-be75-746dbc6ec578" testListId="8c84fa94-04c1-424b-9868-57a2d4851a1d" />
    <TestEntry testId="2fe976a6-43dd-d8ac-654d-4345679996a2" executionId="45ca7764-5453-448b-9898-cea388ea795e" testListId="8c84fa94-04c1-424b-9868-57a2d4851a1d" />
    <TestEntry testId="f1b85abb-3c55-13cb-a1db-c0858193b5d7" executionId="f55f90ef-e86c-4a3f-b8c3-b155556e37ce" testListId="8c84fa94-04c1-424b-9868-57a2d4851a1d" />
    <TestEntry testId="a808efa9-4677-618e-8ecd-270df9db3f40" executionId="f5f8eb20-e035-457f-90fd-ac67942919a9" testListId="8c84fa94-04c1-424b-9868-57a2d4851a1d" />
    <TestEntry testId="5fb7b9de-a543-48a1-ffab-480c65f7fe93" executionId="310f5f25-e666-47a8-8ac9-5a5fbb156e27" testListId="8c84fa94-04c1-424b-9868-57a2d4851a1d" />
    <TestEntry testId="28d8fd64-2f5d-02d8-fbde-1252a94f6052" executionId="65a3baf9-3404-474d-bcb9-e45df823c491" testListId="8c84fa94-04c1-424b-9868-57a2d4851a1d" />
    <TestEntry testId="57a86ec1-70f3-e611-d8d1-6069e32d7102" executionId="90d2ae98-8407-488e-9201-1bc4e7ea988c" testListId="8c84fa94-04c1-424b-9868-57a2d4851a1d" />
    <TestEntry testId="adddaa77-43a1-45da-b936-e5fe1ff262f4" executionId="1277a5a6-724b-40dc-8ea5-308b59a07e0b" testListId="8c84fa94-04c1-424b-9868-57a2d4851a1d" />
    <TestEntry testId="fe1468f6-b90d-cdfd-8983-4049feb195fe" executionId="f920f60c-0203-47e5-b263-596a6663d6a8" testListId="8c84fa94-04c1-424b-9868-57a2d4851a1d" />
    <TestEntry testId="aa3e847b-ca2b-9b15-ba3b-f07e3b152606" executionId="4f40160a-5ba6-48e2-ac61-4bb71952e773" testListId="8c84fa94-04c1-424b-9868-57a2d4851a1d" />
    <TestEntry testId="507b816a-c953-b4a9-24c0-c4f1d51a0b98" executionId="22d69773-83f9-4150-bc64-262020c31aa9" testListId="8c84fa94-04c1-424b-9868-57a2d4851a1d" />
    <TestEntry testId="90509587-4d65-0fc1-0064-611135b02aca" executionId="9ea4ed0b-4f8e-451c-b568-5e12a66af34e" testListId="8c84fa94-04c1-424b-9868-57a2d4851a1d" />
    <TestEntry testId="17bdd48c-a9a0-035a-195c-6ad16db037bf" executionId="83ce5047-cd12-4a67-9bb2-739fe1db49d8" testListId="8c84fa94-04c1-424b-9868-57a2d4851a1d" />
    <TestEntry testId="2082417f-8e66-bafe-6daf-ba43346c25dd" executionId="57e410b1-16b3-4b1d-b434-900b25792346" testListId="8c84fa94-04c1-424b-9868-57a2d4851a1d" />
    <TestEntry testId="d875725f-969e-ce27-8150-3857adf07575" executionId="255cef90-66e4-4981-830e-b0f4eec559b1" testListId="8c84fa94-04c1-424b-9868-57a2d4851a1d" />
    <TestEntry testId="4ff1a562-7608-ba16-803c-526a7d5ed338" executionId="5ecb47f2-47b3-40bc-800a-4c7799ee5d58" testListId="8c84fa94-04c1-424b-9868-57a2d4851a1d" />
    <TestEntry testId="38f6bc2a-0804-a370-c750-4a69da1a8da1" executionId="17545dfc-931b-4882-b57e-eb7bd14686c3" testListId="8c84fa94-04c1-424b-9868-57a2d4851a1d" />
    <TestEntry testId="8a5f31a0-b4d8-8378-dbaa-da40f7317de7" executionId="21f87ffe-818f-499b-8ea9-65cdde37dabd" testListId="8c84fa94-04c1-424b-9868-57a2d4851a1d" />
    <TestEntry testId="d774170c-5e09-b608-8a21-ad5159815bd5" executionId="62c350af-21bc-4bff-9608-caa4585f7369" testListId="8c84fa94-04c1-424b-9868-57a2d4851a1d" />
    <TestEntry testId="9ef9d632-cad7-f6d3-99d8-195d05be1b2b" executionId="87bf1a65-b526-4b77-a414-e72fbdca30c6" testListId="8c84fa94-04c1-424b-9868-57a2d4851a1d" />
    <TestEntry testId="6b4d6410-6096-209a-845f-4e8ea68707bd" executionId="0110868c-0c02-42fb-bd16-5af54355134f" testListId="8c84fa94-04c1-424b-9868-57a2d4851a1d" />
    <TestEntry testId="1ab1155b-6201-466c-a910-b3502007543c" executionId="8a1471f0-daf3-4811-9a48-b131c57f98f4" testListId="8c84fa94-04c1-424b-9868-57a2d4851a1d" />
    <TestEntry testId="b0ef163f-fdd9-99c5-3b2e-2166e5355d24" executionId="20008ec3-e3c0-4263-a326-edf14c2d98cb" testListId="8c84fa94-04c1-424b-9868-57a2d4851a1d" />
    <TestEntry testId="e19f2647-c3ec-9bd7-8863-295cc3d96fb2" executionId="4047d4c7-83b7-4ed6-83b6-f32ee67dbe76" testListId="8c84fa94-04c1-424b-9868-57a2d4851a1d" />
    <TestEntry testId="975ad74f-fd70-e2d6-b953-6fa9ca08b557" executionId="f54a9598-0742-457d-bbf1-fd95cc4a600e" testListId="8c84fa94-04c1-424b-9868-57a2d4851a1d" />
  </TestEntries>
  <TestLists>
    <TestList name="Results Not in a List" id="8c84fa94-04c1-424b-9868-57a2d4851a1d" />
    <TestList name="All Loaded Results" id="19431567-8539-422a-85d7-44ee4e166bda" />
  </TestLists>
  <ResultSummary outcome="Completed">
    <Counters total="33" executed="33" passed="33" failed="0" error="0" timeout="0" aborted="0" inconclusive="0" passedButRunAborted="0" notRunnable="0" notExecuted="0" disconnected="0" warning="0" completed="0" inProgress="0" pending="0" />
    <Output>
      <StdOut>[xUnit.net 00:00:00.00] xUnit.net VSTest Adapter v3.1.4+50e68bbb8b (64-bit .NET 8.0.22)
[xUnit.net 00:00:00.13]   Discovering: RadioactivityMonitor.Tests
[xUnit.net 00:00:00.23]   Discovered:  RadioactivityMonitor.Tests
[xUnit.net 00:00:00.29]   Starting:    RadioactivityMonitor.Tests
[xUnit.net 00:00:00.46]   Finished:    RadioactivityMonitor.Tests
</StdOut>
    </Output>
  </ResultSummary>
</TestRun>