<?xml version="1.0" encoding="utf-8"?>
<TestRun id="bad175cc-f38e-4133-acb2-c091555450d4" name="@e3839de66452 2025-11-28 07:27:26" xmlns="http://microsoft.com/schemas/VisualStudio/TeamTest/2010">
  <Times creation="2025-11-28T07:27:26.6948453+00:00" queuing="2025-11-28T07:27:26.6948453+00:00" start="2025-11-28T07:27:25.6199440+00:00" finish="2025-11-28T07:27:26.7883137+00:00" />
  <TestSettings name="default" id="ebbb68f2-a2dc-47d3-9c7a-20091b32651e">
    <Deployment runDeploymentRoot="_e3839de66452_2025-11-28_07_27_26" />
  </TestSettings>
  <Results>
    <UnitTestResult executionId="78c1697f-5328-4654-9323-501b4f92304e" testId="d875725f-969e-ce27-8150-3857adf07575" testName="RadioactivityMonitor.Tests.AlarmTests.Check_WithExtremeValues_HandlesCorrectly(value: -1.7976931348623157E+308)" computerName="e3839de66452" duration="00:00:00.0003494" startTime="2025-11-28T07:27:26.6495833+00:00" endTime="2025-11-28T07:27:26.6497001+00:00" testType="13cdc9d9-ddb5-4fa4-a97d-d965ccfc6d4b" outcome="Passed" testListId="8c84fa94-04c1-424b-9868-57a2d4851a1d" relativeResultsDirectory="78c1697f-5328-4654-9323-501b4f92304e" />
    <UnitTestResult executionId="de32eac2-c0dd-47ef-8896-a97a784173c9" testId="adddaa77-43a1-45da-b936-e5fe1ff262f4" testName="RadioactivityMonitor.Tests.AlarmTests.Check_WhenValueBelowLowThreshold_AlarmTurnsOn_MultipleValues(value: 10)" computerName="e3839de66452" duration="00:00:00.0000162" startTime="2025-11-28T07:27:26.5916762+00:00" endTime="2025-11-28T07:27:26.5918091+00:00" testType="13cdc9d9-ddb5-4fa4-a97d-d965ccfc6d4b" outcome="Passed" testListId="8c84fa94-04c1-424b-9868-57a2d4851a1d" relativeResultsDirectory="de32eac2-c0dd-47ef-8896-a97a784173c9" />
    <UnitTestResult executionId="d65fdb40-1d97-4767-8f0b-c92ec04ada17" testId="4510dfe1-db67-c229-515d-ce7a0d17041e" testName="RadioactivityMonitor.Tests.AlarmTests.Check_WhenValueAboveHighThreshold_AlarmTurnsOn_MultipleValues(value: 100)" computerName="e3839de66452" duration="00:00:00.0000050" startTime="2025-11-28T07:27:26.5900818+00:00" endTime="2025-11-28T07:27:26.5902072+00:00" testType="13cdc9d9-ddb5-4fa4-a97d-d965ccfc6d4b" outcome="Passed" testListId="8c84fa94-04c1-424b-9868-57a2d4851a1d" relativeResultsDirectory="d65fdb40-1d97-4767-8f0b-c92ec04ada17" />
    <UnitTestResult executionId="9c39a71a-4383-4954-89c3-3158181f71de" testId="e19f2647-c3ec-9bd7-8863-295cc3d96fb2" testName="RadioactivityMonitor.Tests.AlarmTests.Check_OnceAlarmIsOn_RemainsOn" computerName="e3839de66452" duration="00:00:00.0001396" startTime="2025-11-28T07:27:26.6560304+00:00" endTime="2025-11-28T07:27:26.6561490+00:00" testType="13cdc9d9-ddb5-4fa4-a97d-d965ccfc6d4b" outcome="Passed" testListId="8c84fa94-04c1-424b-9868-57a2d4851a1d" relativeResultsDirectory="9c39a71a-4383-4954-89c3-3158181f71de" />
    <UnitTestResult executionId="f6fabd64-f0c0-43bc-a509-9bad0f4e0923" testId="aa3e847b-ca2b-9b15-ba3b-f07e3b152606" testName="RadioactivityMonitor.Tests.AlarmTests.Reset_ResetsAlarmCount" computerName="e3839de66452" duration="00:00:00.0001115" startTime="2025-11-28T07:27:26.6538846+00:00" endTime="2025-11-28T07:27:26.6540151+00:00" testType="13cdc9d9-ddb5-4fa4-a97d-d965ccfc6d4b" outcome="Passed" testListId="8c84fa94-04c1-424b-9868-57a2d4851a1d" relativeResultsDirectory="f6fabd64-f0c0-43bc-a509-9bad0f4e0923" />
    <UnitTestResult executionId="a651fa7b-0654-4846-a029-a4998395832d" testId="17bdd48c-a9a0-035a-195c-6ad16db037bf" testName="RadioactivityMonitor.Tests.AlarmTests.Check_CalledMultipleTimesWithNormalValues_AlarmRemainsOff" computerName="e3839de66452" duration="00:00:00.0001176" startTime="2025-11-28T07:27:26.6551545+00:00" endTime="2025-11-28T07:27:26.6552703+00:00" testType="13cdc9d9-ddb5-4fa4-a97d-d965ccfc6d4b" outcome="Passed" testListId="8c84fa94-04c1-424b-9868-57a2d4851a1d" relativeResultsDirectory="a651fa7b-0654-4846-a029-a4998395832d" />
    <UnitTestResult executionId="be525a6f-6ba2-4808-9e34-61a14ce64755" testId="5fb7b9de-a543-48a1-ffab-480c65f7fe93" testName="RadioactivityMonitor.Tests.AlarmTests.Check_WhenValueAtBoundariesAndWithinRange_AlarmRemainsOff(value: 17.5)" computerName="e3839de66452" duration="00:00:00.0000036" startTime="2025-11-28T07:27:26.6392752+00:00" endTime="2025-11-28T07:27:26.6394149+00:00" testType="13cdc9d9-ddb5-4fa4-a97d-d965ccfc6d4b" outcome="Passed" testListId="8c84fa94-04c1-424b-9868-57a2d4851a1d" relativeResultsDirectory="be525a6f-6ba2-4808-9e34-61a14ce64755" />
    <UnitTestResult executionId="2bfb8ae6-14f5-4296-8413-da9dbbfbacd1" testId="975ad74f-fd70-e2d6-b953-6fa9ca08b557" testName="RadioactivityMonitor.Tests.AlarmTests.Reset_WhenAlarmIsOff_RemainsOff" computerName="e3839de66452" duration="00:00:00.0000911" startTime="2025-11-28T07:27:26.6509042+00:00" endTime="2025-11-28T07:27:26.6510298+00:00" testType="13cdc9d9-ddb5-4fa4-a97d-d965ccfc6d4b" outcome="Passed" testListId="8c84fa94-04c1-424b-9868-57a2d4851a1d" relativeResultsDirectory="2bfb8ae6-14f5-4296-8413-da9dbbfbacd1" />
    <UnitTestResult executionId="84ca6db7-ae28-4006-af61-e8a9d8bd799d" testId="28d8fd64-2f5d-02d8-fbde-1252a94f6052" testName="RadioactivityMonitor.Tests.AlarmTests.Alarm_WithRealSensor_CanTrigger" computerName="e3839de66452" duration="00:00:00.0001968" startTime="2025-11-28T07:27:26.6555430+00:00" endTime="2025-11-28T07:27:26.6556583+00:00" testType="13cdc9d9-ddb5-4fa4-a97d-d965ccfc6d4b" outcome="Passed" testListId="8c84fa94-04c1-424b-9868-57a2d4851a1d" relativeResultsDirectory="84ca6db7-ae28-4006-af61-e8a9d8bd799d" />
    <UnitTestResult executionId="a27b6a3b-b1c8-42d5-abce-e6c54193482c" testId="2fe976a6-43dd-d8ac-654d-4345679996a2" testName="RadioactivityMonitor.Tests.AlarmTests.Check_WhenValueAtBoundariesAndWithinRange_AlarmRemainsOff(value: 19)" computerName="e3839de66452" duration="00:00:00.0003563" startTime="2025-11-28T07:27:26.6380489+00:00" endTime="2025-11-28T07:27:26.6382021+00:00" testType="13cdc9d9-ddb5-4fa4-a97d-d965ccfc6d4b" outcome="Passed" testListId="8c84fa94-04c1-424b-9868-57a2d4851a1d" relativeResultsDirectory="a27b6a3b-b1c8-42d5-abce-e6c54193482c" />
    <UnitTestResult executionId="989c183f-00a3-4e9d-9bd7-1a16ac43b792" testId="e39f3cc1-8020-c39b-50db-c82fb8fa4455" testName="RadioactivityMonitor.Tests.AlarmTests.Constructor_WithNullSensor_ThrowsArgumentNullException" computerName="e3839de66452" duration="00:00:00.0010528" startTime="2025-11-28T07:27:26.6513148+00:00" endTime="2025-11-28T07:27:26.6514288+00:00" testType="13cdc9d9-ddb5-4fa4-a97d-d965ccfc6d4b" outcome="Passed" testListId="8c84fa94-04c1-424b-9868-57a2d4851a1d" relativeResultsDirectory="989c183f-00a3-4e9d-9bd7-1a16ac43b792" />
    <UnitTestResult executionId="97b05fd2-f4c9-4617-a458-d843b59c43ab" testId="608a8b53-929e-d007-7d4f-997076834a2a" testName="RadioactivityMonitor.Tests.AlarmTests.Check_WithExtremeValues_HandlesCorrectly(value: 1.7976931348623157E+308)" computerName="e3839de66452" duration="00:00:00.0001755" startTime="2025-11-28T07:27:26.6492214+00:00" endTime="2025-11-28T07:27:26.6493534+00:00" testType="13cdc9d9-ddb5-4fa4-a97d-d965ccfc6d4b" outcome="Passed" testListId="8c84fa94-04c1-424b-9868-57a2d4851a1d" relativeResultsDirectory="97b05fd2-f4c9-4617-a458-d843b59c43ab" />
    <UnitTestResult executionId="4351ff57-3e09-42ac-9e1c-8f7a12b3dfb9" testId="57a86ec1-70f3-e611-d8d1-6069e32d7102" testName="RadioactivityMonitor.Tests.AlarmTests.Check_WhenValueBelowLowThreshold_AlarmTurnsOn_MultipleValues(value: 16)" computerName="e3839de66452" duration="00:00:00.0000041" startTime="2025-11-28T07:27:26.5921188+00:00" endTime="2025-11-28T07:27:26.5922536+00:00" testType="13cdc9d9-ddb5-4fa4-a97d-d965ccfc6d4b" outcome="Passed" testListId="8c84fa94-04c1-424b-9868-57a2d4851a1d" relativeResultsDirectory="4351ff57-3e09-42ac-9e1c-8f7a12b3dfb9" />
    <UnitTestResult executionId="1993bc56-939c-4798-a05e-6263ce1e344d" testId="38f6bc2a-0804-a370-c750-4a69da1a8da1" testName="RadioactivityMonitor.Tests.AlarmTests.Check_WhenValueBelowLowThreshold_AlarmTurnsOn_MultipleValues(value: 0)" computerName="e3839de66452" duration="00:00:00.0001646" startTime="2025-11-28T07:27:26.5906521+00:00" endTime="2025-11-28T07:27:26.5907874+00:00" testType="13cdc9d9-ddb5-4fa4-a97d-d965ccfc6d4b" outcome="Passed" testListId="8c84fa94-04c1-424b-9868-57a2d4851a1d" relativeResultsDirectory="1993bc56-939c-4798-a05e-6263ce1e344d" />
    <UnitTestResult executionId="91b8b82c-13de-42f1-86fb-99a3d8c5d028" testId="1ab1155b-6201-466c-a910-b3502007543c" testName="RadioactivityMonitor.Tests.AlarmTests.Check_CallsSensorNextMeasureOnce" computerName="e3839de66452" duration="00:00:00.0042497" startTime="2025-11-28T07:27:26.6517141+00:00" endTime="2025-11-28T07:27:26.6518875+00:00" testType="13cdc9d9-ddb5-4fa4-a97d-d965ccfc6d4b" outcome="Passed" testListId="8c84fa94-04c1-424b-9868-57a2d4851a1d" relativeResultsDirectory="91b8b82c-13de-42f1-86fb-99a3d8c5d028" />
    <UnitTestResult executionId="9cfddfc9-4233-451e-85ca-653dc49e1028" testId="c68ebd73-1073-6b46-74f7-8cde09333c6c" testName="RadioactivityMonitor.Tests.AlarmTests.Check_WhenValueBelowLowThreshold_AlarmTurnsOn" computerName="e3839de66452" duration="00:00:00.0001554" startTime="2025-11-28T07:27:26.6402768+00:00" endTime="2025-11-28T07:27:26.6404098+00:00" testType="13cdc9d9-ddb5-4fa4-a97d-d965ccfc6d4b" outcome="Passed" testListId="8c84fa94-04c1-424b-9868-57a2d4851a1d" relativeResultsDirectory="9cfddfc9-4233-451e-85ca-653dc49e1028" />
    <UnitTestResult executionId="1a692d3f-ad1e-44ce-aaf6-c4f7c3d57007" testId="a808efa9-4677-618e-8ecd-270df9db3f40" testName="RadioactivityMonitor.Tests.AlarmTests.Check_WhenValueAtBoundariesAndWithinRange_AlarmRemainsOff(value: 17)" computerName="e3839de66452" duration="00:00:00.0000041" startTime="2025-11-28T07:27:26.6388904+00:00" endTime="2025-11-28T07:27:26.6390384+00:00" testType="13cdc9d9-ddb5-4fa4-a97d-d965ccfc6d4b" outcome="Passed" testListId="8c84fa94-04c1-424b-9868-57a2d4851a1d" relativeResultsDirectory="1a692d3f-ad1e-44ce-aaf6-c4f7c3d57007" />
    <UnitTestResult executionId="00a2bf47-cb35-49b4-b908-e885981cb581" testId="4ff1a562-7608-ba16-803c-526a7d5ed338" testName="RadioactivityMonitor.Tests.AlarmTests.Constructor_WithValidSensor_CreatesInstance" computerName="e3839de66452" duration="00:00:00.0000809" startTime="2025-11-28T07:27:26.6465041+00:00" endTime="2025-11-28T07:27:26.6466198+00:00" testType="13cdc9d9-ddb5-4fa4-a97d-d965ccfc6d4b" outcome="Passed" testListId="8c84fa94-04c1-424b-9868-57a2d4851a1d" relativeResultsDirectory="00a2bf47-cb35-49b4-b908-e885981cb581" />
    <UnitTestResult executionId="d9f0508a-b1be-4d63-a519-c647410a4910" testId="8a5f31a0-b4d8-8378-dbaa-da40f7317de7" testName="RadioactivityMonitor.Tests.AlarmTests.Check_WhenValueAboveHighThreshold_AlarmTurnsOn_MultipleValues(value: 21.010000000000002)" computerName="e3839de66452" duration="00:00:00.0002522" startTime="2025-11-28T07:27:26.5876321+00:00" endTime="2025-11-28T07:27:26.5880924+00:00" testType="13cdc9d9-ddb5-4fa4-a97d-d965ccfc6d4b" outcome="Passed" testListId="8c84fa94-04c1-424b-9868-57a2d4851a1d" relativeResultsDirectory="d9f0508a-b1be-4d63-a519-c647410a4910" />
    <UnitTestResult executionId="04822110-1116-4985-988b-748e85302476" testId="3a5642bc-b887-4087-8584-3e9407915325" testName="RadioactivityMonitor.Tests.AlarmTests.Check_CalledMultipleTimes_CallsSensorEachTime" computerName="e3839de66452" duration="00:00:00.0002356" startTime="2025-11-28T07:27:26.6546962+00:00" endTime="2025-11-28T07:27:26.6548121+00:00" testType="13cdc9d9-ddb5-4fa4-a97d-d965ccfc6d4b" outcome="Passed" testListId="8c84fa94-04c1-424b-9868-57a2d4851a1d" relativeResultsDirectory="04822110-1116-4985-988b-748e85302476" />
    <UnitTestResult executionId="f34e2d5b-6a41-4922-b945-b6a241af2146" testId="0edbde3c-718e-c261-cc1f-3cf96036bb59" testName="RadioactivityMonitor.Tests.AlarmTests.Check_WithNegativeValue_TriggersAlarm" computerName="e3839de66452" duration="00:00:00.0001005" startTime="2025-11-28T07:27:26.6525641+00:00" endTime="2025-11-28T07:27:26.6526783+00:00" testType="13cdc9d9-ddb5-4fa4-a97d-d965ccfc6d4b" outcome="Passed" testListId="8c84fa94-04c1-424b-9868-57a2d4851a1d" relativeResultsDirectory="f34e2d5b-6a41-4922-b945-b6a241af2146" />
    <UnitTestResult executionId="c783fdb5-2191-43ff-951c-666f087338e5" testId="2082417f-8e66-bafe-6daf-ba43346c25dd" testName="RadioactivityMonitor.Tests.AlarmTests.DefaultConstructor_CreatesInstanceWithDefaultSensor" computerName="e3839de66452" duration="00:00:00.0003929" startTime="2025-11-28T07:27:26.6460730+00:00" endTime="2025-11-28T07:27:26.6461988+00:00" testType="13cdc9d9-ddb5-4fa4-a97d-d965ccfc6d4b" outcome="Passed" testListId="8c84fa94-04c1-424b-9868-57a2d4851a1d" relativeResultsDirectory="c783fdb5-2191-43ff-951c-666f087338e5" />
    <UnitTestResult executionId="0d3e5a42-613b-401e-8e99-8071ff7b7950" testId="99c2b657-77ec-8bf7-f744-e85dc01a70c9" testName="RadioactivityMonitor.Tests.AlarmTests.Check_WhenValueAtBoundariesAndWithinRange_AlarmRemainsOff(value: 20.5)" computerName="e3839de66452" duration="00:00:00.0002612" startTime="2025-11-28T07:27:26.6373473+00:00" endTime="2025-11-28T07:27:26.6375046+00:00" testType="13cdc9d9-ddb5-4fa4-a97d-d965ccfc6d4b" outcome="Passed" testListId="8c84fa94-04c1-424b-9868-57a2d4851a1d" relativeResultsDirectory="0d3e5a42-613b-401e-8e99-8071ff7b7950" />
    <UnitTestResult executionId="5a3cef6a-73d2-4756-8abb-1ef9b3ff5001" testId="fe1468f6-b90d-cdfd-8983-4049feb195fe" testName="RadioactivityMonitor.Tests.AlarmTests.Check_CalledMultipleTimesWithAbnormalValues_IncrementsAlarmCount" computerName="e3839de66452" duration="00:00:00.0100519" startTime="2025-11-28T07:27:26.5465006+00:00" endTime="2025-11-28T07:27:26.5683056+00:00" testType="13cdc9d9-ddb5-4fa4-a97d-d965ccfc6d4b" outcome="Passed" testListId="8c84fa94-04c1-424b-9868-57a2d4851a1d" relativeResultsDirectory="5a3cef6a-73d2-4756-8abb-1ef9b3ff5001" />
    <UnitTestResult executionId="5250dec0-1fec-4be5-a5d2-3b9958ac5906" testId="36bcfc5b-69ec-91fe-42ea-0a76fe9e4cd1" testName="RadioactivityMonitor.Tests.AlarmTests.Check_WithSequenceOfValues_CorrectlyTracksAlarmCount" computerName="e3839de66452" duration="00:00:00.0014961" startTime="2025-11-28T07:27:26.6543094+00:00" endTime="2025-11-28T07:27:26.6544254+00:00" testType="13cdc9d9-ddb5-4fa4-a97d-d965ccfc6d4b" outcome="Passed" testListId="8c84fa94-04c1-424b-9868-57a2d4851a1d" relativeResultsDirectory="5250dec0-1fec-4be5-a5d2-3b9958ac5906" />
    <UnitTestResult executionId="e1868fc3-c50e-4705-98f9-e07a2f126aed" testId="9ef9d632-cad7-f6d3-99d8-195d05be1b2b" testName="RadioactivityMonitor.Tests.AlarmTests.Check_WhenValueAtBoundariesAndWithinRange_AlarmRemainsOff(value: 21)" computerName="e3839de66452" duration="00:00:00.0000080" startTime="2025-11-28T07:27:26.6384572+00:00" endTime="2025-11-28T07:27:26.6385896+00:00" testType="13cdc9d9-ddb5-4fa4-a97d-d965ccfc6d4b" outcome="Passed" testListId="8c84fa94-04c1-424b-9868-57a2d4851a1d" relativeResultsDirectory="e1868fc3-c50e-4705-98f9-e07a2f126aed" />
    <UnitTestResult executionId="4601076d-37cc-4848-ac29-4062570023f4" testId="507b816a-c953-b4a9-24c0-c4f1d51a0b98" testName="RadioactivityMonitor.Tests.AlarmTests.Check_WhenValueAboveHighThreshold_AlarmTurnsOn" computerName="e3839de66452" duration="00:00:00.0001141" startTime="2025-11-28T07:27:26.6500539+00:00" endTime="2025-11-28T07:27:26.6501720+00:00" testType="13cdc9d9-ddb5-4fa4-a97d-d965ccfc6d4b" outcome="Passed" testListId="8c84fa94-04c1-424b-9868-57a2d4851a1d" relativeResultsDirectory="4601076d-37cc-4848-ac29-4062570023f4" />
    <UnitTestResult executionId="11a9f927-e77d-4922-a7cf-bb0a959ab99c" testId="6b4d6410-6096-209a-845f-4e8ea68707bd" testName="RadioactivityMonitor.Tests.AlarmTests.Reset_WhenAlarmIsOn_TurnsAlarmOff" computerName="e3839de66452" duration="00:00:00.0003525" startTime="2025-11-28T07:27:26.6397393+00:00" endTime="2025-11-28T07:27:26.6399372+00:00" testType="13cdc9d9-ddb5-4fa4-a97d-d965ccfc6d4b" outcome="Passed" testListId="8c84fa94-04c1-424b-9868-57a2d4851a1d" relativeResultsDirectory="11a9f927-e77d-4922-a7cf-bb0a959ab99c" />
    <UnitTestResult executionId="e35af238-0d92-4267-a618-02171957253b" testId="e8485be3-98c8-0338-40e1-5edd2cae845b" testName="RadioactivityMonitor.Tests.AlarmTests.Check_WhenValueAboveHighThreshold_AlarmTurnsOn_MultipleValues(value: 30)" computerName="e3839de66452" duration="00:00:00.0000081" startTime="2025-11-28T07:27:26.5896437+00:00" endTime="2025-11-28T07:27:26.5897764+00:00" testType="13cdc9d9-ddb5-4fa4-a97d-d965ccfc6d4b" outcome="Passed" testListId="8c84fa94-04c1-424b-9868-57a2d4851a1d" relativeResultsDirectory="e35af238-0d92-4267-a618-02171957253b" />
    <UnitTestResult executionId="f300eaef-ad95-413b-90f2-66438083fddb" testId="90509587-4d65-0fc1-0064-611135b02aca" testName="RadioactivityMonitor.Tests.AlarmTests.Check_WhenValueInNormalRange_AlarmRemainsOff" computerName="e3839de66452" duration="00:00:00.0001018" startTime="2025-11-28T07:27:26.6504576+00:00" endTime="2025-11-28T07:27:26.6505742+00:00" testType="13cdc9d9-ddb5-4fa4-a97d-d965ccfc6d4b" outcome="Passed" testListId="8c84fa94-04c1-424b-9868-57a2d4851a1d" relativeResultsDirectory="f300eaef-ad95-413b-90f2-66438083fddb" />
    <UnitTestResult executionId="e3751906-d024-4292-919a-2d508cd64227" testId="f1b85abb-3c55-13cb-a1db-c0858193b5d7" testName="RadioactivityMonitor.Tests.AlarmTests.Check_WhenValueBelowLowThreshold_AlarmTurnsOn_MultipleValues(value: 16.989999999999998)" computerName="e3839de66452" duration="00:00:00.0001735" startTime="2025-11-28T07:27:26.5911979+00:00" endTime="2025-11-28T07:27:26.5914298+00:00" testType="13cdc9d9-ddb5-4fa4-a97d-d965ccfc6d4b" outcome="Passed" testListId="8c84fa94-04c1-424b-9868-57a2d4851a1d" relativeResultsDirectory="e3751906-d024-4292-919a-2d508cd64227" />
    <UnitTestResult executionId="a9318830-1536-4da9-bee7-7ac902eb61b3" testId="d774170c-5e09-b608-8a21-ad5159815bd5" testName="RadioactivityMonitor.Tests.AlarmTests.Check_WhenValueAboveHighThreshold_AlarmTurnsOn_MultipleValues(value: 22)" computerName="e3839de66452" duration="00:00:00.0003690" startTime="2025-11-28T07:27:26.5892460+00:00" endTime="2025-11-28T07:27:26.5893989+00:00" testType="13cdc9d9-ddb5-4fa4-a97d-d965ccfc6d4b" outcome="Passed" testListId="8c84fa94-04c1-424b-9868-57a2d4851a1d" relativeResultsDirectory="a9318830-1536-4da9-bee7-7ac902eb61b3" />
    <UnitTestResult executionId="28963afc-d327-4743-842d-56bdaff403f0" testId="b0ef163f-fdd9-99c5-3b2e-2166e5355d24" testName="RadioactivityMonitor.Tests.AlarmTests.RealSensor_GeneratesValuesInExpectedRange" computerName="e3839de66452" duration="00:00:00.0077294" startTime="2025-11-28T07:27:26.6521770+00:00" endTime="2025-11-28T07:27:26.6522938+00:00" testType="13cdc9d9-ddb5-4fa4-a97d-d965ccfc6d4b" outcome="Passed" testListId="8c84fa94-04c1-424b-9868-57a2d4851a1d" relativeResultsDirectory="28963afc-d327-4743-842d-56bdaff403f0" />
  </Results>
  <TestDefinitions>
    <UnitTest name="RadioactivityMonitor.Tests.AlarmTests.Constructor_WithValidSensor_CreatesInstance" storage="/app/tests/radioactivitymonitor.tests/bin/release/net8.0/radioactivitymonitor.tests.dll" id="4ff1a562-7608-ba16-803c-526a7d5ed338">
      <Execution id="00a2bf47-cb35-49b4-b908-e885981cb581" />
      <TestMethod codeBase="/app/tests/RadioactivityMonitor.Tests/bin/Release/net8.0/RadioactivityMonitor.Tests.dll" adapterTypeName="executor://xunit/VsTestRunner3/netcore/" className="RadioactivityMonitor.Tests.AlarmTests" name="Constructor_WithValidSensor_CreatesInstance" />
    </UnitTest>
    <UnitTest name="RadioactivityMonitor.Tests.AlarmTests.Check_WhenValueAtBoundariesAndWithinRange_AlarmRemainsOff(value: 21)" storage="/app/tests/radioactivitymonitor.tests/bin/release/net8.0/radioactivitymonitor.tests.dll" id="9ef9d632-cad7-f6d3-99d8-195d05be1b2b">
      <Execution id="e1868fc3-c50e-4705-98f9-e07a2f126aed" />
      <TestMethod codeBase="/app/tests/RadioactivityMonitor.Tests/bin/Release/net8.0/RadioactivityMonitor.Tests.dll" adapterTypeName="executor://xunit/VsTestRunner3/netcore/" className="RadioactivityMonitor.Tests.AlarmTests" name="Check_WhenValueAtBoundariesAndWithinRange_AlarmRemainsOff" />
    </UnitTest>
    <UnitTest name="RadioactivityMonitor.Tests.AlarmTests.Check_CalledMultipleTimesWithAbnormalValues_IncrementsAlarmCount" storage="/app/tests/radioactivitymonitor.tests/bin/release/net8.0/radioactivitymonitor.tests.dll" id="fe1468f6-b90d-cdfd-8983-4049feb195fe">
      <Execution id="5a3cef6a-73d2-4756-8abb-1ef9b3ff5001" />
      <TestMethod codeBase="/app/tests/RadioactivityMonitor.Tests/bin/Release/net8.0/RadioactivityMonitor.Tests.dll" adapterTypeName="executor://xunit/VsTestRunner3/netcore/" className="RadioactivityMonitor.Tests.AlarmTests" name="Check_CalledMultipleTimesWithAbnormalValues_IncrementsAlarmCount" />
    </UnitTest>
    <UnitTest name="RadioactivityMonitor.Tests.AlarmTests.Check_WhenValueAtBoundariesAndWithinRange_AlarmRemainsOff(value: 17)" storage="/app/tests/radioactivitymonitor.tests/bin/release/net8.0/radioactivitymonitor.tests.dll" id="a808efa9-4677-618e-8ecd-270df9db3f40">
      <Execution id="1a692d3f-ad1e-44ce-aaf6-c4f7c3d57007" />
      <TestMethod codeBase="/app/tests/RadioactivityMonitor.Tests/bin/Release/net8.0/RadioactivityMonitor.Tests.dll" adapterTypeName="executor://xunit/VsTestRunner3/netcore/" className="RadioactivityMonitor.Tests.AlarmTests" name="Check_WhenValueAtBoundariesAndWithinRange_AlarmRemainsOff" />
    </UnitTest>
    <UnitTest name="RadioactivityMonitor.Tests.AlarmTests.DefaultConstructor_CreatesInstanceWithDefaultSensor" storage="/app/tests/radioactivitymonitor.tests/bin/release/net8.0/radioactivitymonitor.tests.dll" id="2082417f-8e66-bafe-6daf-ba43346c25dd">
      <Execution id="c783fdb5-2191-43ff-951c-666f087338e5" />
      <TestMethod codeBase="/app/tests/RadioactivityMonitor.Tests/bin/Release/net8.0/RadioactivityMonitor.Tests.dll" adapterTypeName="executor://xunit/VsTestRunner3/netcore/" className="RadioactivityMonitor.Tests.AlarmTests" name="DefaultConstructor_CreatesInstanceWithDefaultSensor" />
    </UnitTest>
    <UnitTest name="RadioactivityMonitor.Tests.AlarmTests.Check_WhenValueAtBoundariesAndWithinRange_AlarmRemainsOff(value: 19)" storage="/app/tests/radioactivitymonitor.tests/bin/release/net8.0/radioactivitymonitor.tests.dll" id="2fe976a6-43dd-d8ac-654d-4345679996a2">
      <Execution id="a27b6a3b-b1c8-42d5-abce-e6c54193482c" />
      <TestMethod codeBase="/app/tests/RadioactivityMonitor.Tests/bin/Release/net8.0/RadioactivityMonitor.Tests.dll" adapterTypeName="executor://xunit/VsTestRunner3/netcore/" className="RadioactivityMonitor.Tests.AlarmTests" name="Check_WhenValueAtBoundariesAndWithinRange_AlarmRemainsOff" />
    </UnitTest>
    <UnitTest name="RadioactivityMonitor.Tests.AlarmTests.Reset_WhenAlarmIsOff_RemainsOff" storage="/app/tests/radioactivitymonitor.tests/bin/release/net8.0/radioactivitymonitor.tests.dll" id="975ad74f-fd70-e2d6-b953-6fa9ca08b557">
      <Execution id="2bfb8ae6-14f5-4296-8413-da9dbbfbacd1" />
      <TestMethod codeBase="/app/tests/RadioactivityMonitor.Tests/bin/Release/net8.0/RadioactivityMonitor.Tests.dll" adapterTypeName="executor://xunit/VsTestRunner3/netcore/" className="RadioactivityMonitor.Tests.AlarmTests" name="Reset_WhenAlarmIsOff_RemainsOff" />
    </UnitTest>
    <UnitTest name="RadioactivityMonitor.Tests.AlarmTests.Check_WhenValueAboveHighThreshold_AlarmTurnsOn_MultipleValues(value: 21.010000000000002)" storage="/app/tests/radioactivitymonitor.tests/bin/release/net8.0/radioactivitymonitor.tests.dll" id="8a5f31a0-b4d8-8378-dbaa-da40f7317de7">
      <Execution id="d9f0508a-b1be-4d63-a519-c647410a4910" />
      <TestMethod codeBase="/app/tests/RadioactivityMonitor.Tests/bin/Release/net8.0/RadioactivityMonitor.Tests.dll" adapterTypeName="executor://xunit/VsTestRunner3/netcore/" className="RadioactivityMonitor.Tests.AlarmTests" name="Check_WhenValueAboveHighThreshold_AlarmTurnsOn_MultipleValues" />
    </UnitTest>
    <UnitTest name="RadioactivityMonitor.Tests.AlarmTests.Check_WhenValueAtBoundariesAndWithinRange_AlarmRemainsOff(value: 20.5)" storage="/app/tests/radioactivitymonitor.tests/bin/release/net8.0/radioactivitymonitor.tests.dll" id="99c2b657-77ec-8bf7-f744-e85dc01a70c9">
      <Execution id="0d3e5a42-613b-401e-8e99-8071ff7b7950" />
      <TestMethod codeBase="/app/tests/RadioactivityMonitor.Tests/bin/Release/net8.0/RadioactivityMonitor.Tests.dll" adapterTypeName="executor://xunit/VsTestRunner3/netcore/" className="RadioactivityMonitor.Tests.AlarmTests" name="Check_WhenValueAtBoundariesAndWithinRange_AlarmRemainsOff" />
    </UnitTest>
    <UnitTest name="RadioactivityMonitor.Tests.AlarmTests.Check_WithExtremeValues_HandlesCorrectly(value: 1.7976931348623157E+308)" storage="/app/tests/radioactivitymonitor.tests/bin/release/net8.0/radioactivitymonitor.tests.dll" id="608a8b53-929e-d007-7d4f-997076834a2a">
      <Execution id="97b05fd2-f4c9-4617-a458-d843b59c43ab" />
      <TestMethod codeBase="/app/tests/RadioactivityMonitor.Tests/bin/Release/net8.0/RadioactivityMonitor.Tests.dll" adapterTypeName="executor://xunit/VsTestRunner3/netcore/" className="RadioactivityMonitor.Tests.AlarmTests" name="Check_WithExtremeValues_HandlesCorrectly" />
    </UnitTest>
    <UnitTest name="RadioactivityMonitor.Tests.AlarmTests.Check_CalledMultipleTimes_CallsSensorEachTime" storage="/app/tests/radioactivitymonitor.tests/bin/release/net8.0/radioactivitymonitor.tests.dll" id="3a5642bc-b887-4087-8584-3e9407915325">
      <Execution id="04822110-1116-4985-988b-748e85302476" />
      <TestMethod codeBase="/app/tests/RadioactivityMonitor.Tests/bin/Release/net8.0/RadioactivityMonitor.Tests.dll" adapterTypeName="executor://xunit/VsTestRunner3/netcore/" className="RadioactivityMonitor.Tests.AlarmTests" name="Check_CalledMultipleTimes_CallsSensorEachTime" />
    </UnitTest>
    <UnitTest name="RadioactivityMonitor.Tests.AlarmTests.Check_WhenValueBelowLowThreshold_AlarmTurnsOn_MultipleValues(value: 0)" storage="/app/tests/radioactivitymonitor.tests/bin/release/net8.0/radioactivitymonitor.tests.dll" id="38f6bc2a-0804-a370-c750-4a69da1a8da1">
      <Execution id="1993bc56-939c-4798-a05e-6263ce1e344d" />
      <TestMethod codeBase="/app/tests/RadioactivityMonitor.Tests/bin/Release/net8.0/RadioactivityMonitor.Tests.dll" adapterTypeName="executor://xunit/VsTestRunner3/netcore/" className="RadioactivityMonitor.Tests.AlarmTests" name="Check_WhenValueBelowLowThreshold_AlarmTurnsOn_MultipleValues" />
    </UnitTest>
    <UnitTest name="RadioactivityMonitor.Tests.AlarmTests.Check_WhenValueBelowLowThreshold_AlarmTurnsOn_MultipleValues(value: 16)" storage="/app/tests/radioactivitymonitor.tests/bin/release/net8.0/radioactivitymonitor.tests.dll" id="57a86ec1-70f3-e611-d8d1-6069e32d7102">
      <Execution id="4351ff57-3e09-42ac-9e1c-8f7a12b3dfb9" />
      <TestMethod codeBase="/app/tests/RadioactivityMonitor.Tests/bin/Release/net8.0/RadioactivityMonitor.Tests.dll" adapterTypeName="executor://xunit/VsTestRunner3/netcore/" className="RadioactivityMonitor.Tests.AlarmTests" name="Check_WhenValueBelowLowThreshold_AlarmTurnsOn_MultipleValues" />
    </UnitTest>
    <UnitTest name="RadioactivityMonitor.Tests.AlarmTests.Check_WhenValueInNormalRange_AlarmRemainsOff" storage="/app/tests/radioactivitymonitor.tests/bin/release/net8.0/radioactivitymonitor.tests.dll" id="90509587-4d65-0fc1-0064-611135b02aca">
      <Execution id="f300eaef-ad95-413b-90f2-66438083fddb" />
      <TestMethod codeBase="/app/tests/RadioactivityMonitor.Tests/bin/Release/net8.0/RadioactivityMonitor.Tests.dll" adapterTypeName="executor://xunit/VsTestRunner3/netcore/" className="RadioactivityMonitor.Tests.AlarmTests" name="Check_WhenValueInNormalRange_AlarmRemainsOff" />
    </UnitTest>
    <UnitTest name="RadioactivityMonitor.Tests.AlarmTests.Check_WhenValueAboveHighThreshold_AlarmTurnsOn_MultipleValues(value: 100)" storage="/app/tests/radioactivitymonitor.tests/bin/release/net8.0/radioactivitymonitor.tests.dll" id="4510dfe1-db67-c229-515d-ce7a0d17041e">
      <Execution id="d65fdb40-1d97-4767-8f0b-c92ec04ada17" />
      <TestMethod codeBase="/app/tests/RadioactivityMonitor.Tests/bin/Release/net8.0/RadioactivityMonitor.Tests.dll" adapterTypeName="executor://xunit/VsTestRunner3/netcore/" className="RadioactivityMonitor.Tests.AlarmTests" name="Check_WhenValueAboveHighThreshold_AlarmTurnsOn_MultipleValues" />
    </UnitTest>
    <UnitTest name="RadioactivityMonitor.Tests.AlarmTests.Check_CalledMultipleTimesWithNormalValues_AlarmRemainsOff" storage="/app/tests/radioactivitymonitor.tests/bin/release/net8.0/radioactivitymonitor.tests.dll" id="17bdd48c-a9a0-035a-195c-6ad16db037bf">
      <Execution id="a651fa7b-0654-4846-a029-a4998395832d" />
      <TestMethod codeBase="/app/tests/RadioactivityMonitor.Tests/bin/Release/net8.0/RadioactivityMonitor.Tests.dll" adapterTypeName="executor://xunit/VsTestRunner3/netcore/" className="RadioactivityMonitor.Tests.AlarmTests" name="Check_CalledMultipleTimesWithNormalValues_AlarmRemainsOff" />
    </UnitTest>
    <UnitTest name="RadioactivityMonitor.Tests.AlarmTests.Check_OnceAlarmIsOn_RemainsOn" storage="/app/tests/radioactivitymonitor.tests/bin/release/net8.0/radioactivitymonitor.tests.dll" id="e19f2647-c3ec-9bd7-8863-295cc3d96fb2">
      <Execution id="9c39a71a-4383-4954-89c3-3158181f71de" />
      <TestMethod codeBase="/app/tests/RadioactivityMonitor.Tests/bin/Release/net8.0/RadioactivityMonitor.Tests.dll" adapterTypeName="executor://xunit/VsTestRunner3/netcore/" className="RadioactivityMonitor.Tests.AlarmTests" name="Check_OnceAlarmIsOn_RemainsOn" />
    </UnitTest>
    <UnitTest name="RadioactivityMonitor.Tests.AlarmTests.Check_WhenValueAboveHighThreshold_AlarmTurnsOn_MultipleValues(value: 30)" storage="/app/tests/radioactivitymonitor.tests/bin/release/net8.0/radioactivitymonitor.tests.dll" id="e8485be3-98c8-0338-40e1-5edd2cae845b">
      <Execution id="e35af238-0d92-4267-a618-02171957253b" />
      <TestMethod codeBase="/app/tests/RadioactivityMonitor.Tests/bin/Release/net8.0/RadioactivityMonitor.Tests.dll" adapterTypeName="executor://xunit/VsTestRunner3/netcore/" className="RadioactivityMonitor.Tests.AlarmTests" name="Check_WhenValueAboveHighThreshold_AlarmTurnsOn_MultipleValues" />
    </UnitTest>
    <UnitTest name="RadioactivityMonitor.Tests.AlarmTests.Check_WhenValueAboveHighThreshold_AlarmTurnsOn_MultipleValues(value: 22)" storage="/app/tests/radioactivitymonitor.tests/bin/release/net8.0/radioactivitymonitor.tests.dll" id="d774170c-5e09-b608-8a21-ad5159815bd5">
      <Execution id="a9318830-1536-4da9-bee7-7ac902eb61b3" />
      <TestMethod codeBase="/app/tests/RadioactivityMonitor.Tests/bin/Release/net8.0/RadioactivityMonitor.Tests.dll" adapterTypeName="executor://xunit/VsTestRunner3/netcore/" className="RadioactivityMonitor.Tests.AlarmTests" name="Check_WhenValueAboveHighThreshold_AlarmTurnsOn_MultipleValues" />
    </UnitTest>
    <UnitTest name="RadioactivityMonitor.Tests.AlarmTests.Check_CallsSensorNextMeasureOnce" storage="/app/tests/radioactivitymonitor.tests/bin/release/net8.0/radioactivitymonitor.tests.dll" id="1ab1155b-6201-466c-a910-b3502007543c">
      <Execution id="91b8b82c-13de-42f1-86fb-99a3d8c5d028" />
      <TestMethod codeBase="/app/tests/RadioactivityMonitor.Tests/bin/Release/net8.0/RadioactivityMonitor.Tests.dll" adapterTypeName="executor://xunit/VsTestRunner3/netcore/" className="RadioactivityMonitor.Tests.AlarmTests" name="Check_CallsSensorNextMeasureOnce" />
    </UnitTest>
    <UnitTest name="RadioactivityMonitor.Tests.AlarmTests.Check_WithNegativeValue_TriggersAlarm" storage="/app/tests/radioactivitymonitor.tests/bin/release/net8.0/radioactivitymonitor.tests.dll" id="0edbde3c-718e-c261-cc1f-3cf96036bb59">
      <Execution id="f34e2d5b-6a41-4922-b945-b6a241af2146" />
      <TestMethod codeBase="/app/tests/RadioactivityMonitor.Tests/bin/Release/net8.0/RadioactivityMonitor.Tests.dll" adapterTypeName="executor://xunit/VsTestRunner3/netcore/" className="RadioactivityMonitor.Tests.AlarmTests" name="Check_WithNegativeValue_TriggersAlarm" />
    </UnitTest>
    <UnitTest name="RadioactivityMonitor.Tests.AlarmTests.Constructor_WithNullSensor_ThrowsArgumentNullException" storage="/app/tests/radioactivitymonitor.tests/bin/release/net8.0/radioactivitymonitor.tests.dll" id="e39f3cc1-8020-c39b-50db-c82fb8fa4455">
      <Execution id="989c183f-00a3-4e9d-9bd7-1a16ac43b792" />
      <TestMethod codeBase="/app/tests/RadioactivityMonitor.Tests/bin/Release/net8.0/RadioactivityMonitor.Tests.dll" adapterTypeName="executor://xunit/VsTestRunner3/netcore/" className="RadioactivityMonitor.Tests.AlarmTests" name="Constructor_WithNullSensor_ThrowsArgumentNullException" />
    </UnitTest>
    <UnitTest name="RadioactivityMonitor.Tests.AlarmTests.RealSensor_GeneratesValuesInExpectedRange" storage="/app/tests/radioactivitymonitor.tests/bin/release/net8.0/radioactivitymonitor.tests.dll" id="b0ef163f-fdd9-99c5-3b2e-2166e5355d24">
      <Execution id="28963afc-d327-4743-842d-56bdaff403f0" />
      <TestMethod codeBase="/app/tests/RadioactivityMonitor.Tests/bin/Release/net8.0/RadioactivityMonitor.Tests.dll" adapterTypeName="executor://xunit/VsTestRunner3/netcore/" className="RadioactivityMonitor.Tests.AlarmTests" name="RealSensor_GeneratesValuesInExpectedRange" />
    </UnitTest>
    <UnitTest name="RadioactivityMonitor.Tests.AlarmTests.Check_WhenValueBelowLowThreshold_AlarmTurnsOn_MultipleValues(value: 16.989999999999998)" storage="/app/tests/radioactivitymonitor.tests/bin/release/net8.0/radioactivitymonitor.tests.dll" id="f1b85abb-3c55-13cb-a1db-c0858193b5d7">
      <Execution id="e3751906-d024-4292-919a-2d508cd64227" />
      <TestMethod codeBase="/app/tests/RadioactivityMonitor.Tests/bin/Release/net8.0/RadioactivityMonitor.Tests.dll" adapterTypeName="executor://xunit/VsTestRunner3/netcore/" className="RadioactivityMonitor.Tests.AlarmTests" name="Check_WhenValueBelowLowThreshold_AlarmTurnsOn_MultipleValues" />
    </UnitTest>
    <UnitTest name="RadioactivityMonitor.Tests.AlarmTests.Reset_ResetsAlarmCount" storage="/app/tests/radioactivitymonitor.tests/bin/release/net8.0/radioactivitymonitor.tests.dll" id="aa3e847b-ca2b-9b15-ba3b-f07e3b152606">
      <Execution id="f6fabd64-f0c0-43bc-a509-9bad0f4e0923" />
      <TestMethod codeBase="/app/tests/RadioactivityMonitor.Tests/bin/Release/net8.0/RadioactivityMonitor.Tests.dll" adapterTypeName="executor://xunit/VsTestRunner3/netcore/" className="RadioactivityMonitor.Tests.AlarmTests" name="Reset_ResetsAlarmCount" />
    </UnitTest>
    <UnitTest name="RadioactivityMonitor.Tests.AlarmTests.Check_WithExtremeValues_HandlesCorrectly(value: -1.7976931348623157E+308)" storage="/app/tests/radioactivitymonitor.tests/bin/release/net8.0/radioactivitymonitor.tests.dll" id="d875725f-969e-ce27-8150-3857adf07575">
      <Execution id="78c1697f-5328-4654-9323-501b4f92304e" />
      <TestMethod codeBase="/app/tests/RadioactivityMonitor.Tests/bin/Release/net8.0/RadioactivityMonitor.Tests.dll" adapterTypeName="executor://xunit/VsTestRunner3/netcore/" className="RadioactivityMonitor.Tests.AlarmTests" name="Check_WithExtremeValues_HandlesCorrectly" />
    </UnitTest>
    <UnitTest name="RadioactivityMonitor.Tests.AlarmTests.Check_WithSequenceOfValues_CorrectlyTracksAlarmCount" storage="/app/tests/radioactivitymonitor.tests/bin/release/net8.0/radioactivitymonitor.tests.dll" id="36bcfc5b-69ec-91fe-42ea-0a76fe9e4cd1">
      <Execution id="5250dec0-1fec-4be5-a5d2-3b9958ac5906" />
      <TestMethod codeBase="/app/tests/RadioactivityMonitor.Tests/bin/Release/net8.0/RadioactivityMonitor.Tests.dll" adapterTypeName="executor://xunit/VsTestRunner3/netcore/" className="RadioactivityMonitor.Tests.AlarmTests" name="Check_WithSequenceOfValues_CorrectlyTracksAlarmCount" />
    </UnitTest>
    <UnitTest name="RadioactivityMonitor.Tests.AlarmTests.Alarm_WithRealSensor_CanTrigger" storage="/app/tests/radioactivitymonitor.tests/bin/release/net8.0/radioactivitymonitor.tests.dll" id="28d8fd64-2f5d-02d8-fbde-1252a94f6052">
      <Execution id="84ca6db7-ae28-4006-af61-e8a9d8bd799d" />
      <TestMethod codeBase="/app/tests/RadioactivityMonitor.Tests/bin/Release/net8.0/RadioactivityMonitor.Tests.dll" adapterTypeName="executor://xunit/VsTestRunner3/netcore/" className="RadioactivityMonitor.Tests.AlarmTests" name="Alarm_WithRealSensor_CanTrigger" />
    </UnitTest>
    <UnitTest name="RadioactivityMonitor.Tests.AlarmTests.Check_WhenValueAtBoundariesAndWithinRange_AlarmRemainsOff(value: 17.5)" storage="/app/tests/radioactivitymonitor.tests/bin/release/net8.0/radioactivitymonitor.tests.dll" id="5fb7b9de-a543-48a1-ffab-480c65f7fe93">
      <Execution id="be525a6f-6ba2-4808-9e34-61a14ce64755" />
      <TestMethod codeBase="/app/tests/RadioactivityMonitor.Tests/bin/Release/net8.0/RadioactivityMonitor.Tests.dll" adapterTypeName="executor://xunit/VsTestRunner3/netcore/" className="RadioactivityMonitor.Tests.AlarmTests" name="Check_WhenValueAtBoundariesAndWithinRange_AlarmRemainsOff" />
    </UnitTest>
    <UnitTest name="RadioactivityMonitor.Tests.AlarmTests.Reset_WhenAlarmIsOn_TurnsAlarmOff" storage="/app/tests/radioactivitymonitor.tests/bin/release/net8.0/radioactivitymonitor.tests.dll" id="6b4d6410-6096-209a-845f-4e8ea68707bd">
      <Execution id="11a9f927-e77d-4922-a7cf-bb0a959ab99c" />
      <TestMethod codeBase="/app/tests/RadioactivityMonitor.Tests/bin/Release/net8.0/RadioactivityMonitor.Tests.dll" adapterTypeName="executor://xunit/VsTestRunner3/netcore/" className="RadioactivityMonitor.Tests.AlarmTests" name="Reset_WhenAlarmIsOn_TurnsAlarmOff" />
    </UnitTest>
    <UnitTest name="RadioactivityMonitor.Tests.AlarmTests.Check_WhenValueBelowLowThreshold_AlarmTurnsOn_MultipleValues(value: 10)" storage="/app/tests/radioactivitymonitor.tests/bin/release/net8.0/radioactivitymonitor.tests.dll" id="adddaa77-43a1-45da-b936-e5fe1ff262f4">
      <Execution id="de32eac2-c0dd-47ef-8896-a97a784173c9" />
      <TestMethod codeBase="/app/tests/RadioactivityMonitor.Tests/bin/Release/net8.0/RadioactivityMonitor.Tests.dll" adapterTypeName="executor://xunit/VsTestRunner3/netcore/" className="RadioactivityMonitor.Tests.AlarmTests" name="Check_WhenValueBelowLowThreshold_AlarmTurnsOn_MultipleValues" />
    </UnitTest>
    <UnitTest name="RadioactivityMonitor.Tests.AlarmTests.Check_WhenValueAboveHighThreshold_AlarmTurnsOn" storage="/app/tests/radioactivitymonitor.tests/bin/release/net8.0/radioactivitymonitor.tests.dll" id="507b816a-c953-b4a9-24c0-c4f1d51a0b98">
      <Execution id="4601076d-37cc-4848-ac29-4062570023f4" />
      <TestMethod codeBase="/app/tests/RadioactivityMonitor.Tests/bin/Release/net8.0/RadioactivityMonitor.Tests.dll" adapterTypeName="executor://xunit/VsTestRunner3/netcore/" className="RadioactivityMonitor.Tests.AlarmTests" name="Check_WhenValueAboveHighThreshold_AlarmTurnsOn" />
    </UnitTest>
    <UnitTest name="RadioactivityMonitor.Tests.AlarmTests.Check_WhenValueBelowLowThreshold_AlarmTurnsOn" storage="/app/tests/radioactivitymonitor.tests/bin/release/net8.0/radioactivitymonitor.tests.dll" id="c68ebd73-1073-6b46-74f7-8cde09333c6c">
      <Execution id="9cfddfc9-4233-451e-85ca-653dc49e1028" />
      <TestMethod codeBase="/app/tests/RadioactivityMonitor.Tests/bin/Release/net8.0/RadioactivityMonitor.Tests.dll" adapterTypeName="executor://xunit/VsTestRunner3/netcore/" className="RadioactivityMonitor.Tests.AlarmTests" name="Check_WhenValueBelowLowThreshold_AlarmTurnsOn" />
    </UnitTest>
  </TestDefinitions>
  <TestEntries>
    <TestEntry testId="d875725f-969e-ce27-8150-3857adf07575" executionId="78c1697f-5328-4654-9323-501b4f92304e" testListId="8c84fa94-04c1-424b-9868-57a2d4851a1d" />
    <TestEntry testId="adddaa77-43a1-45da-b936-e5fe1ff262f4" executionId="de32eac2-c0dd-47ef-8896-a97a784173c9" testListId="8c84fa94-04c1-424b-9868-57a2d4851a1d" />
    <TestEntry testId="4510dfe1-db67-c229-515d-ce7a0d17041e" executionId="d65fdb40-1d97-4767-8f0b-c92ec04ada17" testListId="8c84fa94-04c1-424b-9868-57a2d4851a1d" />
    <TestEntry testId="e19f2647-c3ec-9bd7-8863-295cc3d96fb2" executionId="9c39a71a-4383-4954-89c3-3158181f71de" testListId="8c84fa94-04c1-424b-9868-57a2d4851a1d" />
    <TestEntry testId="aa3e847b-ca2b-9b15-ba3b-f07e3b152606" executionId="f6fabd64-f0c0-43bc-a509-9bad0f4e0923" testListId="8c84fa94-04c1-424b-9868-57a2d4851a1d" />
    <TestEntry testId="17bdd48c-a9a0-035a-195c-6ad16db037bf" executionId="a651fa7b-0654-4846-a029-a4998395832d" testListId="8c84fa94-04c1-424b-9868-57a2d4851a1d" />
    <TestEntry testId="5fb7b9de-a543-48a1-ffab-480c65f7fe93" executionId="be525a6f-6ba2-4808-9e34-61a14ce64755" testListId="8c84fa94-04c1-424b-9868-57a2d4851a1d" />
    <TestEntry testId="975ad74f-fd70-e2d6-b953-6fa9ca08b557" executionId="2bfb8ae6-14f5-4296-8413-da9dbbfbacd1" testListId="8c84fa94-04c1-424b-9868-57a2d4851a1d" />
    <TestEntry testId="28d8fd64-2f5d-02d8-fbde-1252a94f6052" executionId="84ca6db7-ae28-4006-af61-e8a9d8bd799d" testListId="8c84fa94-04c1-424b-9868-57a2d4851a1d" />
    <TestEntry testId="2fe976a6-43dd-d8ac-654d-4345679996a2" executionId="a27b6a3b-b1c8-42d5-abce-e6c54193482c" testListId="8c84fa94-04c1-424b-9868-57a2d4851a1d" />
    <TestEntry testId="e39f3cc1-8020-c39b-50db-c82fb8fa4455" executionId="989c183f-00a3-4e9d-9bd7-1a16ac43b792" testListId="8c84fa94-04c1-424b-9868-57a2d4851a1d" />
    <TestEntry testId="608a8b53-929e-d007-7d4f-997076834a2a" executionId="97b05fd2-f4c9-4617-a458-d843b59c43ab" testListId="8c84fa94-04c1-424b-9868-57a2d4851a1d" />
    <TestEntry testId="57a86ec1-70f3-e611-d8d1-6069e32d7102" executionId="4351ff57-3e09-42ac-9e1c-8f7a12b3dfb9" testListId="8c84fa94-04c1-424b-9868-57a2d4851a1d" />
    <TestEntry testId="38f6bc2a-0804-a370-c750-4a69da1a8da1" executionId="1993bc56-939c-4798-a05e-6263ce1e344d" testListId="8c84fa94-04c1-424b-9868-57a2d4851a1d" />
    <TestEntry testId="1ab1155b-6201-466c-a910-b3502007543c" executionId="91b8b82c-13de-42f1-86fb-99a3d8c5d028" testListId="8c84fa94-04c1-424b-9868-57a2d4851a1d" />
    <TestEntry testId="c68ebd73-1073-6b46-74f7-8cde09333c6c" executionId="9cfddfc9-4233-451e-85ca-653dc49e1028" testListId="8c84fa94-04c1-424b-9868-57a2d4851a1d" />
    <TestEntry testId="a808efa9-4677-618e-8ecd-270df9db3f40" executionId="1a692d3f-ad1e-44ce-aaf6-c4f7c3d57007" testListId="8c84fa94-04c1-424b-9868-57a2d4851a1d" />
    <TestEntry testId="4ff1a562-7608-ba16-803c-526a7d5ed338" executionId="00a2bf47-cb35-49b4-b908-e885981cb581" testListId="8c84fa94-04c1-424b-9868-57a2d4851a1d" />
    <TestEntry testId="8a5f31a0-b4d8-8378-dbaa-da40f7317de7" executionId="d9f0508a-b1be-4d63-a519-c647410a4910" testListId="8c84fa94-04c1-424b-9868-57a2d4851a1d" />
    <TestEntry testId="3a5642bc-b887-4087-8584-3e9407915325" executionId="04822110-1116-4985-988b-748e85302476" testListId="8c84fa94-04c1-424b-9868-57a2d4851a1d" />
    <TestEntry testId="0edbde3c-718e-c261-cc1f-3cf96036bb59" executionId="f34e2d5b-6a41-4922-b945-b6a241af2146" testListId="8c84fa94-04c1-424b-9868-57a2d4851a1d" />
    <TestEntry testId="2082417f-8e66-bafe-6daf-ba43346c25dd" executionId="c783fdb5-2191-43ff-951c-666f087338e5" testListId="8c84fa94-04c1-424b-9868-57a2d4851a1d" />
    <TestEntry testId="99c2b657-77ec-8bf7-f744-e85dc01a70c9" executionId="0d3e5a42-613b-401e-8e99-8071ff7b7950" testListId="8c84fa94-04c1-424b-9868-57a2d4851a1d" />
    <TestEntry testId="fe1468f6-b90d-cdfd-8983-4049feb195fe" executionId="5a3cef6a-73d2-4756-8abb-1ef9b3ff5001" testListId="8c84fa94-04c1-424b-9868-57a2d4851a1d" />
    <TestEntry testId="36bcfc5b-69ec-91fe-42ea-0a76fe9e4cd1" executionId="5250dec0-1fec-4be5-a5d2-3b9958ac5906" testListId="8c84fa94-04c1-424b-9868-57a2d4851a1d" />
    <TestEntry testId="9ef9d632-cad7-f6d3-99d8-195d05be1b2b" executionId="e1868fc3-c50e-4705-98f9-e07a2f126aed" testListId="8c84fa94-04c1-424b-9868-57a2d4851a1d" />
    <TestEntry testId="507b816a-c953-b4a9-24c0-c4f1d51a0b98" executionId="4601076d-37cc-4848-ac29-4062570023f4" testListId="8c84fa94-04c1-424b-9868-57a2d4851a1d" />
    <TestEntry testId="6b4d6410-6096-209a-845f-4e8ea68707bd" executionId="11a9f927-e77d-4922-a7cf-bb0a959ab99c" testListId="8c84fa94-04c1-424b-9868-57a2d4851a1d" />
    <TestEntry testId="e8485be3-98c8-0338-40e1-5edd2cae845b" executionId="e35af238-0d92-4267-a618-02171957253b" testListId="8c84fa94-04c1-424b-9868-57a2d4851a1d" />
    <TestEntry testId="90509587-4d65-0fc1-0064-611135b02aca" executionId="f300eaef-ad95-413b-90f2-66438083fddb" testListId="8c84fa94-04c1-424b-9868-57a2d4851a1d" />
    <TestEntry testId="f1b85abb-3c55-13cb-a1db-c0858193b5d7" executionId="e3751906-d024-4292-919a-2d508cd64227" testListId="8c84fa94-04c1-424b-9868-57a2d4851a1d" />
    <TestEntry testId="d774170c-5e09-b608-8a21-ad5159815bd5" executionId="a9318830-1536-4da9-bee7-7ac902eb61b3" testListId="8c84fa94-04c1-424b-9868-57a2d4851a1d" />
    <TestEntry testId="b0ef163f-fdd9-99c5-3b2e-2166e5355d24" executionId="28963afc-d327-4743-842d-56bdaff403f0" testListId="8c84fa94-04c1-424b-9868-57a2d4851a1d" />
  </TestEntries>
  <TestLists>
    <TestList name="Results Not in a List" id="8c84fa94-04c1-424b-9868-57a2d4851a1d" />
    <TestList name="All Loaded Results" id="19431567-8539-422a-85d7-44ee4e166bda" />
  </TestLists>
  <ResultSummary outcome="Completed">
    <Counters total="33" executed="33" passed="33" failed="0" error="0" timeout="0" aborted="0" inconclusive="0" passedButRunAborted="0" notRunnable="0" notExecuted="0" disconnected="0" warning="0" completed="0" inProgress="0" pending="0" />
    <Output>
      <StdOut>[xUnit.net 00:00:00.00] xUnit.net VSTest Adapter v3.1.4+50e68bbb8b (64-bit .NET 8.0.22)
[xUnit.net 00:00:00.13]   Discovering: RadioactivityMonitor.Tests
[xUnit.net 00:00:00.23]   Discovered:  RadioactivityMonitor.Tests
[xUnit.net 00:00:00.28]   Starting:    RadioactivityMonitor.Tests
[xUnit.net 00:00:00.44]   Finished:    RadioactivityMonitor.Tests
</StdOut>
    </Output>
  </ResultSummary>
</TestRun>